[2020-10-08 19:37:28] local.ERROR: View [welcome] not found. {"exception":"[object] (InvalidArgumentException(code: 0): View [welcome] not found. at /mnt/c/Users/user1/Documents/GitHub/adminapp/vendor/laravel/framework/src/Illuminate/View/FileViewFinder.php:137)
[stacktrace]
#0 /mnt/c/Users/user1/Documents/GitHub/adminapp/vendor/laravel/framework/src/Illuminate/View/FileViewFinder.php(79): Illuminate\\View\\FileViewFinder->findInPaths()
#1 /mnt/c/Users/user1/Documents/GitHub/adminapp/vendor/laravel/framework/src/Illuminate/View/Factory.php(131): Illuminate\\View\\FileViewFinder->find()
#2 /mnt/c/Users/user1/Documents/GitHub/adminapp/vendor/laravel/framework/src/Illuminate/Foundation/helpers.php(961): Illuminate\\View\\Factory->make()
#3 /mnt/c/Users/user1/Documents/GitHub/adminapp/routes/web.php(6): view()
#4 /mnt/c/Users/user1/Documents/GitHub/adminapp/vendor/laravel/framework/src/Illuminate/Routing/Route.php(211): Illuminate\\Routing\\RouteFileRegistrar->{closure}()
#5 /mnt/c/Users/user1/Documents/GitHub/adminapp/vendor/laravel/framework/src/Illuminate/Routing/Route.php(185): Illuminate\\Routing\\Route->runCallable()
#6 /mnt/c/Users/user1/Documents/GitHub/adminapp/vendor/laravel/framework/src/Illuminate/Routing/Router.php(685): Illuminate\\Routing\\Route->run()
#7 /mnt/c/Users/user1/Documents/GitHub/adminapp/vendor/laravel/framework/src/Illuminate/Pipeline/Pipeline.php(128): Illuminate\\Routing\\Router->Illuminate\\Routing\\{closure}()
#8 /mnt/c/Users/user1/Documents/GitHub/adminapp/vendor/laravel/passport/src/Http/Middleware/CreateFreshApiToken.php(50): Illuminate\\Pipeline\\Pipeline->Illuminate\\Pipeline\\{closure}()
#9 /mnt/c/Users/user1/Documents/GitHub/adminapp/vendor/laravel/framework/src/Illuminate/Pipeline/Pipeline.php(167): Laravel\\Passport\\Http\\Middleware\\CreateFreshApiToken->handle()
#10 /mnt/c/Users/user1/Documents/GitHub/adminapp/vendor/laravel/framework/src/Illuminate/Routing/Middleware/SubstituteBindings.php(41): Illuminate\\Pipeline\\Pipeline->Illuminate\\Pipeline\\{closure}()
#11 /mnt/c/Users/user1/Documents/GitHub/adminapp/vendor/laravel/framework/src/Illuminate/Pipeline/Pipeline.php(167): Illuminate\\Routing\\Middleware\\SubstituteBindings->handle()
#12 /mnt/c/Users/user1/Documents/GitHub/adminapp/vendor/laravel/framework/src/Illuminate/Foundation/Http/Middleware/VerifyCsrfToken.php(76): Illuminate\\Pipeline\\Pipeline->Illuminate\\Pipeline\\{closure}()
#13 /mnt/c/Users/user1/Documents/GitHub/adminapp/vendor/laravel/framework/src/Illuminate/Pipeline/Pipeline.php(167): Illuminate\\Foundation\\Http\\Middleware\\VerifyCsrfToken->handle()
#14 /mnt/c/Users/user1/Documents/GitHub/adminapp/vendor/laravel/framework/src/Illuminate/View/Middleware/ShareErrorsFromSession.php(49): Illuminate\\Pipeline\\Pipeline->Illuminate\\Pipeline\\{closure}()
#15 /mnt/c/Users/user1/Documents/GitHub/adminapp/vendor/laravel/framework/src/Illuminate/Pipeline/Pipeline.php(167): Illuminate\\View\\Middleware\\ShareErrorsFromSession->handle()
#16 /mnt/c/Users/user1/Documents/GitHub/adminapp/vendor/laravel/framework/src/Illuminate/Session/Middleware/StartSession.php(56): Illuminate\\Pipeline\\Pipeline->Illuminate\\Pipeline\\{closure}()
#17 /mnt/c/Users/user1/Documents/GitHub/adminapp/vendor/laravel/framework/src/Illuminate/Pipeline/Pipeline.php(167): Illuminate\\Session\\Middleware\\StartSession->handle()
#18 /mnt/c/Users/user1/Documents/GitHub/adminapp/vendor/laravel/framework/src/Illuminate/Cookie/Middleware/AddQueuedCookiesToResponse.php(37): Illuminate\\Pipeline\\Pipeline->Illuminate\\Pipeline\\{closure}()
#19 /mnt/c/Users/user1/Documents/GitHub/adminapp/vendor/laravel/framework/src/Illuminate/Pipeline/Pipeline.php(167): Illuminate\\Cookie\\Middleware\\AddQueuedCookiesToResponse->handle()
#20 /mnt/c/Users/user1/Documents/GitHub/adminapp/vendor/laravel/framework/src/Illuminate/Cookie/Middleware/EncryptCookies.php(66): Illuminate\\Pipeline\\Pipeline->Illuminate\\Pipeline\\{closure}()
#21 /mnt/c/Users/user1/Documents/GitHub/adminapp/vendor/laravel/framework/src/Illuminate/Pipeline/Pipeline.php(167): Illuminate\\Cookie\\Middleware\\EncryptCookies->handle()
#22 /mnt/c/Users/user1/Documents/GitHub/adminapp/vendor/laravel/framework/src/Illuminate/Pipeline/Pipeline.php(103): Illuminate\\Pipeline\\Pipeline->Illuminate\\Pipeline\\{closure}()
#23 /mnt/c/Users/user1/Documents/GitHub/adminapp/vendor/laravel/framework/src/Illuminate/Routing/Router.php(687): Illuminate\\Pipeline\\Pipeline->then()
#24 /mnt/c/Users/user1/Documents/GitHub/adminapp/vendor/laravel/framework/src/Illuminate/Routing/Router.php(662): Illuminate\\Routing\\Router->runRouteWithinStack()
#25 /mnt/c/Users/user1/Documents/GitHub/adminapp/vendor/laravel/framework/src/Illuminate/Routing/Router.php(628): Illuminate\\Routing\\Router->runRoute()
#26 /mnt/c/Users/user1/Documents/GitHub/adminapp/vendor/laravel/framework/src/Illuminate/Routing/Router.php(617): Illuminate\\Routing\\Router->dispatchToRoute()
#27 /mnt/c/Users/user1/Documents/GitHub/adminapp/vendor/laravel/framework/src/Illuminate/Foundation/Http/Kernel.php(165): Illuminate\\Routing\\Router->dispatch()
#28 /mnt/c/Users/user1/Documents/GitHub/adminapp/vendor/laravel/framework/src/Illuminate/Pipeline/Pipeline.php(128): Illuminate\\Foundation\\Http\\Kernel->Illuminate\\Foundation\\Http\\{closure}()
#29 /mnt/c/Users/user1/Documents/GitHub/adminapp/vendor/laravel/framework/src/Illuminate/Foundation/Http/Middleware/TransformsRequest.php(21): Illuminate\\Pipeline\\Pipeline->Illuminate\\Pipeline\\{closure}()
#30 /mnt/c/Users/user1/Documents/GitHub/adminapp/vendor/laravel/framework/src/Illuminate/Pipeline/Pipeline.php(167): Illuminate\\Foundation\\Http\\Middleware\\TransformsRequest->handle()
#31 /mnt/c/Users/user1/Documents/GitHub/adminapp/vendor/laravel/framework/src/Illuminate/Foundation/Http/Middleware/TransformsRequest.php(21): Illuminate\\Pipeline\\Pipeline->Illuminate\\Pipeline\\{closure}()
#32 /mnt/c/Users/user1/Documents/GitHub/adminapp/vendor/laravel/framework/src/Illuminate/Pipeline/Pipeline.php(167): Illuminate\\Foundation\\Http\\Middleware\\TransformsRequest->handle()
#33 /mnt/c/Users/user1/Documents/GitHub/adminapp/vendor/laravel/framework/src/Illuminate/Foundation/Http/Middleware/ValidatePostSize.php(27): Illuminate\\Pipeline\\Pipeline->Illuminate\\Pipeline\\{closure}()
#34 /mnt/c/Users/user1/Documents/GitHub/adminapp/vendor/laravel/framework/src/Illuminate/Pipeline/Pipeline.php(167): Illuminate\\Foundation\\Http\\Middleware\\ValidatePostSize->handle()
#35 /mnt/c/Users/user1/Documents/GitHub/adminapp/vendor/laravel/framework/src/Illuminate/Foundation/Http/Middleware/CheckForMaintenanceMode.php(63): Illuminate\\Pipeline\\Pipeline->Illuminate\\Pipeline\\{closure}()
#36 /mnt/c/Users/user1/Documents/GitHub/adminapp/vendor/laravel/framework/src/Illuminate/Pipeline/Pipeline.php(167): Illuminate\\Foundation\\Http\\Middleware\\CheckForMaintenanceMode->handle()
#37 /mnt/c/Users/user1/Documents/GitHub/adminapp/vendor/fruitcake/laravel-cors/src/HandleCors.php(36): Illuminate\\Pipeline\\Pipeline->Illuminate\\Pipeline\\{closure}()
#38 /mnt/c/Users/user1/Documents/GitHub/adminapp/vendor/laravel/framework/src/Illuminate/Pipeline/Pipeline.php(167): Fruitcake\\Cors\\HandleCors->handle()
#39 /mnt/c/Users/user1/Documents/GitHub/adminapp/vendor/fideloper/proxy/src/TrustProxies.php(57): Illuminate\\Pipeline\\Pipeline->Illuminate\\Pipeline\\{closure}()
#40 /mnt/c/Users/user1/Documents/GitHub/adminapp/vendor/laravel/framework/src/Illuminate/Pipeline/Pipeline.php(167): Fideloper\\Proxy\\TrustProxies->handle()
#41 /mnt/c/Users/user1/Documents/GitHub/adminapp/vendor/laravel/framework/src/Illuminate/Pipeline/Pipeline.php(103): Illuminate\\Pipeline\\Pipeline->Illuminate\\Pipeline\\{closure}()
#42 /mnt/c/Users/user1/Documents/GitHub/adminapp/vendor/laravel/framework/src/Illuminate/Foundation/Http/Kernel.php(140): Illuminate\\Pipeline\\Pipeline->then()
#43 /mnt/c/Users/user1/Documents/GitHub/adminapp/vendor/laravel/framework/src/Illuminate/Foundation/Http/Kernel.php(109): Illuminate\\Foundation\\Http\\Kernel->sendRequestThroughRouter()
#44 /mnt/c/Users/user1/Documents/GitHub/adminapp/public/index.php(55): Illuminate\\Foundation\\Http\\Kernel->handle()
#45 /mnt/c/Users/user1/Documents/GitHub/adminapp/server.php(21): require_once('/mnt/c/Users/us...')
#46 {main}
"} 
[2020-10-08 19:37:29] local.ERROR: file_put_contents(C:\Users\user1\Documents\GitHub\adminapp\storage\framework/sessions/bpFWCNOttwjDDi6COvnaqPX4tfNbNMX3UfulE3ya): failed to open stream: No such file or directory {"exception":"[object] (ErrorException(code: 0): file_put_contents(C:\\Users\\user1\\Documents\\GitHub\\adminapp\\storage\\framework/sessions/bpFWCNOttwjDDi6COvnaqPX4tfNbNMX3UfulE3ya): failed to open stream: No such file or directory at /mnt/c/Users/user1/Documents/GitHub/adminapp/vendor/laravel/framework/src/Illuminate/Filesystem/Filesystem.php:133)
[stacktrace]
#0 [internal function]: Illuminate\\Foundation\\Bootstrap\\HandleExceptions->handleError()
#1 /mnt/c/Users/user1/Documents/GitHub/adminapp/vendor/laravel/framework/src/Illuminate/Filesystem/Filesystem.php(133): file_put_contents()
#2 /mnt/c/Users/user1/Documents/GitHub/adminapp/vendor/laravel/framework/src/Illuminate/Session/FileSessionHandler.php(83): Illuminate\\Filesystem\\Filesystem->put()
#3 /mnt/c/Users/user1/Documents/GitHub/adminapp/vendor/laravel/framework/src/Illuminate/Session/Store.php(129): Illuminate\\Session\\FileSessionHandler->write()
#4 /mnt/c/Users/user1/Documents/GitHub/adminapp/vendor/laravel/framework/src/Illuminate/Session/Middleware/StartSession.php(170): Illuminate\\Session\\Store->save()
#5 /mnt/c/Users/user1/Documents/GitHub/adminapp/vendor/laravel/framework/src/Illuminate/Session/Middleware/StartSession.php(65): Illuminate\\Session\\Middleware\\StartSession->saveSession()
#6 /mnt/c/Users/user1/Documents/GitHub/adminapp/vendor/laravel/framework/src/Illuminate/Pipeline/Pipeline.php(167): Illuminate\\Session\\Middleware\\StartSession->handle()
#7 /mnt/c/Users/user1/Documents/GitHub/adminapp/vendor/laravel/framework/src/Illuminate/Cookie/Middleware/AddQueuedCookiesToResponse.php(37): Illuminate\\Pipeline\\Pipeline->Illuminate\\Pipeline\\{closure}()
#8 /mnt/c/Users/user1/Documents/GitHub/adminapp/vendor/laravel/framework/src/Illuminate/Pipeline/Pipeline.php(167): Illuminate\\Cookie\\Middleware\\AddQueuedCookiesToResponse->handle()
#9 /mnt/c/Users/user1/Documents/GitHub/adminapp/vendor/laravel/framework/src/Illuminate/Cookie/Middleware/EncryptCookies.php(66): Illuminate\\Pipeline\\Pipeline->Illuminate\\Pipeline\\{closure}()
#10 /mnt/c/Users/user1/Documents/GitHub/adminapp/vendor/laravel/framework/src/Illuminate/Pipeline/Pipeline.php(167): Illuminate\\Cookie\\Middleware\\EncryptCookies->handle()
#11 /mnt/c/Users/user1/Documents/GitHub/adminapp/vendor/laravel/framework/src/Illuminate/Pipeline/Pipeline.php(103): Illuminate\\Pipeline\\Pipeline->Illuminate\\Pipeline\\{closure}()
#12 /mnt/c/Users/user1/Documents/GitHub/adminapp/vendor/laravel/framework/src/Illuminate/Routing/Router.php(687): Illuminate\\Pipeline\\Pipeline->then()
#13 /mnt/c/Users/user1/Documents/GitHub/adminapp/vendor/laravel/framework/src/Illuminate/Routing/Router.php(662): Illuminate\\Routing\\Router->runRouteWithinStack()
#14 /mnt/c/Users/user1/Documents/GitHub/adminapp/vendor/laravel/framework/src/Illuminate/Routing/Router.php(628): Illuminate\\Routing\\Router->runRoute()
#15 /mnt/c/Users/user1/Documents/GitHub/adminapp/vendor/laravel/framework/src/Illuminate/Routing/Router.php(617): Illuminate\\Routing\\Router->dispatchToRoute()
#16 /mnt/c/Users/user1/Documents/GitHub/adminapp/vendor/laravel/framework/src/Illuminate/Foundation/Http/Kernel.php(165): Illuminate\\Routing\\Router->dispatch()
#17 /mnt/c/Users/user1/Documents/GitHub/adminapp/vendor/laravel/framework/src/Illuminate/Pipeline/Pipeline.php(128): Illuminate\\Foundation\\Http\\Kernel->Illuminate\\Foundation\\Http\\{closure}()
#18 /mnt/c/Users/user1/Documents/GitHub/adminapp/vendor/laravel/framework/src/Illuminate/Foundation/Http/Middleware/TransformsRequest.php(21): Illuminate\\Pipeline\\Pipeline->Illuminate\\Pipeline\\{closure}()
#19 /mnt/c/Users/user1/Documents/GitHub/adminapp/vendor/laravel/framework/src/Illuminate/Pipeline/Pipeline.php(167): Illuminate\\Foundation\\Http\\Middleware\\TransformsRequest->handle()
#20 /mnt/c/Users/user1/Documents/GitHub/adminapp/vendor/laravel/framework/src/Illuminate/Foundation/Http/Middleware/TransformsRequest.php(21): Illuminate\\Pipeline\\Pipeline->Illuminate\\Pipeline\\{closure}()
#21 /mnt/c/Users/user1/Documents/GitHub/adminapp/vendor/laravel/framework/src/Illuminate/Pipeline/Pipeline.php(167): Illuminate\\Foundation\\Http\\Middleware\\TransformsRequest->handle()
#22 /mnt/c/Users/user1/Documents/GitHub/adminapp/vendor/laravel/framework/src/Illuminate/Foundation/Http/Middleware/ValidatePostSize.php(27): Illuminate\\Pipeline\\Pipeline->Illuminate\\Pipeline\\{closure}()
#23 /mnt/c/Users/user1/Documents/GitHub/adminapp/vendor/laravel/framework/src/Illuminate/Pipeline/Pipeline.php(167): Illuminate\\Foundation\\Http\\Middleware\\ValidatePostSize->handle()
#24 /mnt/c/Users/user1/Documents/GitHub/adminapp/vendor/laravel/framework/src/Illuminate/Foundation/Http/Middleware/CheckForMaintenanceMode.php(63): Illuminate\\Pipeline\\Pipeline->Illuminate\\Pipeline\\{closure}()
#25 /mnt/c/Users/user1/Documents/GitHub/adminapp/vendor/laravel/framework/src/Illuminate/Pipeline/Pipeline.php(167): Illuminate\\Foundation\\Http\\Middleware\\CheckForMaintenanceMode->handle()
#26 /mnt/c/Users/user1/Documents/GitHub/adminapp/vendor/fruitcake/laravel-cors/src/HandleCors.php(36): Illuminate\\Pipeline\\Pipeline->Illuminate\\Pipeline\\{closure}()
#27 /mnt/c/Users/user1/Documents/GitHub/adminapp/vendor/laravel/framework/src/Illuminate/Pipeline/Pipeline.php(167): Fruitcake\\Cors\\HandleCors->handle()
#28 /mnt/c/Users/user1/Documents/GitHub/adminapp/vendor/fideloper/proxy/src/TrustProxies.php(57): Illuminate\\Pipeline\\Pipeline->Illuminate\\Pipeline\\{closure}()
#29 /mnt/c/Users/user1/Documents/GitHub/adminapp/vendor/laravel/framework/src/Illuminate/Pipeline/Pipeline.php(167): Fideloper\\Proxy\\TrustProxies->handle()
#30 /mnt/c/Users/user1/Documents/GitHub/adminapp/vendor/laravel/framework/src/Illuminate/Pipeline/Pipeline.php(103): Illuminate\\Pipeline\\Pipeline->Illuminate\\Pipeline\\{closure}()
#31 /mnt/c/Users/user1/Documents/GitHub/adminapp/vendor/laravel/framework/src/Illuminate/Foundation/Http/Kernel.php(140): Illuminate\\Pipeline\\Pipeline->then()
#32 /mnt/c/Users/user1/Documents/GitHub/adminapp/vendor/laravel/framework/src/Illuminate/Foundation/Http/Kernel.php(109): Illuminate\\Foundation\\Http\\Kernel->sendRequestThroughRouter()
#33 /mnt/c/Users/user1/Documents/GitHub/adminapp/public/index.php(55): Illuminate\\Foundation\\Http\\Kernel->handle()
#34 /mnt/c/Users/user1/Documents/GitHub/adminapp/server.php(21): require_once('/mnt/c/Users/us...')
#35 {main}
"} 
[2020-10-08 19:39:29] local.ERROR: View [welcome] not found. {"exception":"[object] (InvalidArgumentException(code: 0): View [welcome] not found. at /mnt/c/Users/user1/Documents/GitHub/adminapp/vendor/laravel/framework/src/Illuminate/View/FileViewFinder.php:137)
[stacktrace]
#0 /mnt/c/Users/user1/Documents/GitHub/adminapp/vendor/laravel/framework/src/Illuminate/View/FileViewFinder.php(79): Illuminate\\View\\FileViewFinder->findInPaths()
#1 /mnt/c/Users/user1/Documents/GitHub/adminapp/vendor/laravel/framework/src/Illuminate/View/Factory.php(131): Illuminate\\View\\FileViewFinder->find()
#2 /mnt/c/Users/user1/Documents/GitHub/adminapp/vendor/laravel/framework/src/Illuminate/Foundation/helpers.php(961): Illuminate\\View\\Factory->make()
#3 /mnt/c/Users/user1/Documents/GitHub/adminapp/routes/web.php(6): view()
#4 /mnt/c/Users/user1/Documents/GitHub/adminapp/vendor/laravel/framework/src/Illuminate/Routing/Route.php(211): Illuminate\\Routing\\RouteFileRegistrar->{closure}()
#5 /mnt/c/Users/user1/Documents/GitHub/adminapp/vendor/laravel/framework/src/Illuminate/Routing/Route.php(185): Illuminate\\Routing\\Route->runCallable()
#6 /mnt/c/Users/user1/Documents/GitHub/adminapp/vendor/laravel/framework/src/Illuminate/Routing/Router.php(685): Illuminate\\Routing\\Route->run()
#7 /mnt/c/Users/user1/Documents/GitHub/adminapp/vendor/laravel/framework/src/Illuminate/Pipeline/Pipeline.php(128): Illuminate\\Routing\\Router->Illuminate\\Routing\\{closure}()
#8 /mnt/c/Users/user1/Documents/GitHub/adminapp/vendor/laravel/passport/src/Http/Middleware/CreateFreshApiToken.php(50): Illuminate\\Pipeline\\Pipeline->Illuminate\\Pipeline\\{closure}()
#9 /mnt/c/Users/user1/Documents/GitHub/adminapp/vendor/laravel/framework/src/Illuminate/Pipeline/Pipeline.php(167): Laravel\\Passport\\Http\\Middleware\\CreateFreshApiToken->handle()
#10 /mnt/c/Users/user1/Documents/GitHub/adminapp/vendor/laravel/framework/src/Illuminate/Routing/Middleware/SubstituteBindings.php(41): Illuminate\\Pipeline\\Pipeline->Illuminate\\Pipeline\\{closure}()
#11 /mnt/c/Users/user1/Documents/GitHub/adminapp/vendor/laravel/framework/src/Illuminate/Pipeline/Pipeline.php(167): Illuminate\\Routing\\Middleware\\SubstituteBindings->handle()
#12 /mnt/c/Users/user1/Documents/GitHub/adminapp/vendor/laravel/framework/src/Illuminate/Foundation/Http/Middleware/VerifyCsrfToken.php(76): Illuminate\\Pipeline\\Pipeline->Illuminate\\Pipeline\\{closure}()
#13 /mnt/c/Users/user1/Documents/GitHub/adminapp/vendor/laravel/framework/src/Illuminate/Pipeline/Pipeline.php(167): Illuminate\\Foundation\\Http\\Middleware\\VerifyCsrfToken->handle()
#14 /mnt/c/Users/user1/Documents/GitHub/adminapp/vendor/laravel/framework/src/Illuminate/View/Middleware/ShareErrorsFromSession.php(49): Illuminate\\Pipeline\\Pipeline->Illuminate\\Pipeline\\{closure}()
#15 /mnt/c/Users/user1/Documents/GitHub/adminapp/vendor/laravel/framework/src/Illuminate/Pipeline/Pipeline.php(167): Illuminate\\View\\Middleware\\ShareErrorsFromSession->handle()
#16 /mnt/c/Users/user1/Documents/GitHub/adminapp/vendor/laravel/framework/src/Illuminate/Session/Middleware/StartSession.php(56): Illuminate\\Pipeline\\Pipeline->Illuminate\\Pipeline\\{closure}()
#17 /mnt/c/Users/user1/Documents/GitHub/adminapp/vendor/laravel/framework/src/Illuminate/Pipeline/Pipeline.php(167): Illuminate\\Session\\Middleware\\StartSession->handle()
#18 /mnt/c/Users/user1/Documents/GitHub/adminapp/vendor/laravel/framework/src/Illuminate/Cookie/Middleware/AddQueuedCookiesToResponse.php(37): Illuminate\\Pipeline\\Pipeline->Illuminate\\Pipeline\\{closure}()
#19 /mnt/c/Users/user1/Documents/GitHub/adminapp/vendor/laravel/framework/src/Illuminate/Pipeline/Pipeline.php(167): Illuminate\\Cookie\\Middleware\\AddQueuedCookiesToResponse->handle()
#20 /mnt/c/Users/user1/Documents/GitHub/adminapp/vendor/laravel/framework/src/Illuminate/Cookie/Middleware/EncryptCookies.php(66): Illuminate\\Pipeline\\Pipeline->Illuminate\\Pipeline\\{closure}()
#21 /mnt/c/Users/user1/Documents/GitHub/adminapp/vendor/laravel/framework/src/Illuminate/Pipeline/Pipeline.php(167): Illuminate\\Cookie\\Middleware\\EncryptCookies->handle()
#22 /mnt/c/Users/user1/Documents/GitHub/adminapp/vendor/laravel/framework/src/Illuminate/Pipeline/Pipeline.php(103): Illuminate\\Pipeline\\Pipeline->Illuminate\\Pipeline\\{closure}()
#23 /mnt/c/Users/user1/Documents/GitHub/adminapp/vendor/laravel/framework/src/Illuminate/Routing/Router.php(687): Illuminate\\Pipeline\\Pipeline->then()
#24 /mnt/c/Users/user1/Documents/GitHub/adminapp/vendor/laravel/framework/src/Illuminate/Routing/Router.php(662): Illuminate\\Routing\\Router->runRouteWithinStack()
#25 /mnt/c/Users/user1/Documents/GitHub/adminapp/vendor/laravel/framework/src/Illuminate/Routing/Router.php(628): Illuminate\\Routing\\Router->runRoute()
#26 /mnt/c/Users/user1/Documents/GitHub/adminapp/vendor/laravel/framework/src/Illuminate/Routing/Router.php(617): Illuminate\\Routing\\Router->dispatchToRoute()
#27 /mnt/c/Users/user1/Documents/GitHub/adminapp/vendor/laravel/framework/src/Illuminate/Foundation/Http/Kernel.php(165): Illuminate\\Routing\\Router->dispatch()
#28 /mnt/c/Users/user1/Documents/GitHub/adminapp/vendor/laravel/framework/src/Illuminate/Pipeline/Pipeline.php(128): Illuminate\\Foundation\\Http\\Kernel->Illuminate\\Foundation\\Http\\{closure}()
#29 /mnt/c/Users/user1/Documents/GitHub/adminapp/vendor/laravel/framework/src/Illuminate/Foundation/Http/Middleware/TransformsRequest.php(21): Illuminate\\Pipeline\\Pipeline->Illuminate\\Pipeline\\{closure}()
#30 /mnt/c/Users/user1/Documents/GitHub/adminapp/vendor/laravel/framework/src/Illuminate/Pipeline/Pipeline.php(167): Illuminate\\Foundation\\Http\\Middleware\\TransformsRequest->handle()
#31 /mnt/c/Users/user1/Documents/GitHub/adminapp/vendor/laravel/framework/src/Illuminate/Foundation/Http/Middleware/TransformsRequest.php(21): Illuminate\\Pipeline\\Pipeline->Illuminate\\Pipeline\\{closure}()
#32 /mnt/c/Users/user1/Documents/GitHub/adminapp/vendor/laravel/framework/src/Illuminate/Pipeline/Pipeline.php(167): Illuminate\\Foundation\\Http\\Middleware\\TransformsRequest->handle()
#33 /mnt/c/Users/user1/Documents/GitHub/adminapp/vendor/laravel/framework/src/Illuminate/Foundation/Http/Middleware/ValidatePostSize.php(27): Illuminate\\Pipeline\\Pipeline->Illuminate\\Pipeline\\{closure}()
#34 /mnt/c/Users/user1/Documents/GitHub/adminapp/vendor/laravel/framework/src/Illuminate/Pipeline/Pipeline.php(167): Illuminate\\Foundation\\Http\\Middleware\\ValidatePostSize->handle()
#35 /mnt/c/Users/user1/Documents/GitHub/adminapp/vendor/laravel/framework/src/Illuminate/Foundation/Http/Middleware/CheckForMaintenanceMode.php(63): Illuminate\\Pipeline\\Pipeline->Illuminate\\Pipeline\\{closure}()
#36 /mnt/c/Users/user1/Documents/GitHub/adminapp/vendor/laravel/framework/src/Illuminate/Pipeline/Pipeline.php(167): Illuminate\\Foundation\\Http\\Middleware\\CheckForMaintenanceMode->handle()
#37 /mnt/c/Users/user1/Documents/GitHub/adminapp/vendor/fruitcake/laravel-cors/src/HandleCors.php(36): Illuminate\\Pipeline\\Pipeline->Illuminate\\Pipeline\\{closure}()
#38 /mnt/c/Users/user1/Documents/GitHub/adminapp/vendor/laravel/framework/src/Illuminate/Pipeline/Pipeline.php(167): Fruitcake\\Cors\\HandleCors->handle()
#39 /mnt/c/Users/user1/Documents/GitHub/adminapp/vendor/fideloper/proxy/src/TrustProxies.php(57): Illuminate\\Pipeline\\Pipeline->Illuminate\\Pipeline\\{closure}()
#40 /mnt/c/Users/user1/Documents/GitHub/adminapp/vendor/laravel/framework/src/Illuminate/Pipeline/Pipeline.php(167): Fideloper\\Proxy\\TrustProxies->handle()
#41 /mnt/c/Users/user1/Documents/GitHub/adminapp/vendor/laravel/framework/src/Illuminate/Pipeline/Pipeline.php(103): Illuminate\\Pipeline\\Pipeline->Illuminate\\Pipeline\\{closure}()
#42 /mnt/c/Users/user1/Documents/GitHub/adminapp/vendor/laravel/framework/src/Illuminate/Foundation/Http/Kernel.php(140): Illuminate\\Pipeline\\Pipeline->then()
#43 /mnt/c/Users/user1/Documents/GitHub/adminapp/vendor/laravel/framework/src/Illuminate/Foundation/Http/Kernel.php(109): Illuminate\\Foundation\\Http\\Kernel->sendRequestThroughRouter()
#44 /mnt/c/Users/user1/Documents/GitHub/adminapp/public/index.php(55): Illuminate\\Foundation\\Http\\Kernel->handle()
#45 /mnt/c/Users/user1/Documents/GitHub/adminapp/server.php(21): require_once('/mnt/c/Users/us...')
#46 {main}
"} 
[2020-10-08 19:39:29] local.ERROR: file_put_contents(C:\Users\user1\Documents\GitHub\adminapp\storage\framework/sessions/XXNYimnIcQcxnULcRdzPQVWJt5qM4HRZrb54SbQP): failed to open stream: No such file or directory {"exception":"[object] (ErrorException(code: 0): file_put_contents(C:\\Users\\user1\\Documents\\GitHub\\adminapp\\storage\\framework/sessions/XXNYimnIcQcxnULcRdzPQVWJt5qM4HRZrb54SbQP): failed to open stream: No such file or directory at /mnt/c/Users/user1/Documents/GitHub/adminapp/vendor/laravel/framework/src/Illuminate/Filesystem/Filesystem.php:133)
[stacktrace]
#0 [internal function]: Illuminate\\Foundation\\Bootstrap\\HandleExceptions->handleError()
#1 /mnt/c/Users/user1/Documents/GitHub/adminapp/vendor/laravel/framework/src/Illuminate/Filesystem/Filesystem.php(133): file_put_contents()
#2 /mnt/c/Users/user1/Documents/GitHub/adminapp/vendor/laravel/framework/src/Illuminate/Session/FileSessionHandler.php(83): Illuminate\\Filesystem\\Filesystem->put()
#3 /mnt/c/Users/user1/Documents/GitHub/adminapp/vendor/laravel/framework/src/Illuminate/Session/Store.php(129): Illuminate\\Session\\FileSessionHandler->write()
#4 /mnt/c/Users/user1/Documents/GitHub/adminapp/vendor/laravel/framework/src/Illuminate/Session/Middleware/StartSession.php(170): Illuminate\\Session\\Store->save()
#5 /mnt/c/Users/user1/Documents/GitHub/adminapp/vendor/laravel/framework/src/Illuminate/Session/Middleware/StartSession.php(65): Illuminate\\Session\\Middleware\\StartSession->saveSession()
#6 /mnt/c/Users/user1/Documents/GitHub/adminapp/vendor/laravel/framework/src/Illuminate/Pipeline/Pipeline.php(167): Illuminate\\Session\\Middleware\\StartSession->handle()
#7 /mnt/c/Users/user1/Documents/GitHub/adminapp/vendor/laravel/framework/src/Illuminate/Cookie/Middleware/AddQueuedCookiesToResponse.php(37): Illuminate\\Pipeline\\Pipeline->Illuminate\\Pipeline\\{closure}()
#8 /mnt/c/Users/user1/Documents/GitHub/adminapp/vendor/laravel/framework/src/Illuminate/Pipeline/Pipeline.php(167): Illuminate\\Cookie\\Middleware\\AddQueuedCookiesToResponse->handle()
#9 /mnt/c/Users/user1/Documents/GitHub/adminapp/vendor/laravel/framework/src/Illuminate/Cookie/Middleware/EncryptCookies.php(66): Illuminate\\Pipeline\\Pipeline->Illuminate\\Pipeline\\{closure}()
#10 /mnt/c/Users/user1/Documents/GitHub/adminapp/vendor/laravel/framework/src/Illuminate/Pipeline/Pipeline.php(167): Illuminate\\Cookie\\Middleware\\EncryptCookies->handle()
#11 /mnt/c/Users/user1/Documents/GitHub/adminapp/vendor/laravel/framework/src/Illuminate/Pipeline/Pipeline.php(103): Illuminate\\Pipeline\\Pipeline->Illuminate\\Pipeline\\{closure}()
#12 /mnt/c/Users/user1/Documents/GitHub/adminapp/vendor/laravel/framework/src/Illuminate/Routing/Router.php(687): Illuminate\\Pipeline\\Pipeline->then()
#13 /mnt/c/Users/user1/Documents/GitHub/adminapp/vendor/laravel/framework/src/Illuminate/Routing/Router.php(662): Illuminate\\Routing\\Router->runRouteWithinStack()
#14 /mnt/c/Users/user1/Documents/GitHub/adminapp/vendor/laravel/framework/src/Illuminate/Routing/Router.php(628): Illuminate\\Routing\\Router->runRoute()
#15 /mnt/c/Users/user1/Documents/GitHub/adminapp/vendor/laravel/framework/src/Illuminate/Routing/Router.php(617): Illuminate\\Routing\\Router->dispatchToRoute()
#16 /mnt/c/Users/user1/Documents/GitHub/adminapp/vendor/laravel/framework/src/Illuminate/Foundation/Http/Kernel.php(165): Illuminate\\Routing\\Router->dispatch()
#17 /mnt/c/Users/user1/Documents/GitHub/adminapp/vendor/laravel/framework/src/Illuminate/Pipeline/Pipeline.php(128): Illuminate\\Foundation\\Http\\Kernel->Illuminate\\Foundation\\Http\\{closure}()
#18 /mnt/c/Users/user1/Documents/GitHub/adminapp/vendor/laravel/framework/src/Illuminate/Foundation/Http/Middleware/TransformsRequest.php(21): Illuminate\\Pipeline\\Pipeline->Illuminate\\Pipeline\\{closure}()
#19 /mnt/c/Users/user1/Documents/GitHub/adminapp/vendor/laravel/framework/src/Illuminate/Pipeline/Pipeline.php(167): Illuminate\\Foundation\\Http\\Middleware\\TransformsRequest->handle()
#20 /mnt/c/Users/user1/Documents/GitHub/adminapp/vendor/laravel/framework/src/Illuminate/Foundation/Http/Middleware/TransformsRequest.php(21): Illuminate\\Pipeline\\Pipeline->Illuminate\\Pipeline\\{closure}()
#21 /mnt/c/Users/user1/Documents/GitHub/adminapp/vendor/laravel/framework/src/Illuminate/Pipeline/Pipeline.php(167): Illuminate\\Foundation\\Http\\Middleware\\TransformsRequest->handle()
#22 /mnt/c/Users/user1/Documents/GitHub/adminapp/vendor/laravel/framework/src/Illuminate/Foundation/Http/Middleware/ValidatePostSize.php(27): Illuminate\\Pipeline\\Pipeline->Illuminate\\Pipeline\\{closure}()
#23 /mnt/c/Users/user1/Documents/GitHub/adminapp/vendor/laravel/framework/src/Illuminate/Pipeline/Pipeline.php(167): Illuminate\\Foundation\\Http\\Middleware\\ValidatePostSize->handle()
#24 /mnt/c/Users/user1/Documents/GitHub/adminapp/vendor/laravel/framework/src/Illuminate/Foundation/Http/Middleware/CheckForMaintenanceMode.php(63): Illuminate\\Pipeline\\Pipeline->Illuminate\\Pipeline\\{closure}()
#25 /mnt/c/Users/user1/Documents/GitHub/adminapp/vendor/laravel/framework/src/Illuminate/Pipeline/Pipeline.php(167): Illuminate\\Foundation\\Http\\Middleware\\CheckForMaintenanceMode->handle()
#26 /mnt/c/Users/user1/Documents/GitHub/adminapp/vendor/fruitcake/laravel-cors/src/HandleCors.php(36): Illuminate\\Pipeline\\Pipeline->Illuminate\\Pipeline\\{closure}()
#27 /mnt/c/Users/user1/Documents/GitHub/adminapp/vendor/laravel/framework/src/Illuminate/Pipeline/Pipeline.php(167): Fruitcake\\Cors\\HandleCors->handle()
#28 /mnt/c/Users/user1/Documents/GitHub/adminapp/vendor/fideloper/proxy/src/TrustProxies.php(57): Illuminate\\Pipeline\\Pipeline->Illuminate\\Pipeline\\{closure}()
#29 /mnt/c/Users/user1/Documents/GitHub/adminapp/vendor/laravel/framework/src/Illuminate/Pipeline/Pipeline.php(167): Fideloper\\Proxy\\TrustProxies->handle()
#30 /mnt/c/Users/user1/Documents/GitHub/adminapp/vendor/laravel/framework/src/Illuminate/Pipeline/Pipeline.php(103): Illuminate\\Pipeline\\Pipeline->Illuminate\\Pipeline\\{closure}()
#31 /mnt/c/Users/user1/Documents/GitHub/adminapp/vendor/laravel/framework/src/Illuminate/Foundation/Http/Kernel.php(140): Illuminate\\Pipeline\\Pipeline->then()
#32 /mnt/c/Users/user1/Documents/GitHub/adminapp/vendor/laravel/framework/src/Illuminate/Foundation/Http/Kernel.php(109): Illuminate\\Foundation\\Http\\Kernel->sendRequestThroughRouter()
#33 /mnt/c/Users/user1/Documents/GitHub/adminapp/public/index.php(55): Illuminate\\Foundation\\Http\\Kernel->handle()
#34 /mnt/c/Users/user1/Documents/GitHub/adminapp/server.php(21): require_once('/mnt/c/Users/us...')
#35 {main}
"} 
[2020-10-08 19:40:46] local.ERROR: View [welcome] not found. {"exception":"[object] (InvalidArgumentException(code: 0): View [welcome] not found. at /mnt/c/Users/user1/Documents/GitHub/adminapp/vendor/laravel/framework/src/Illuminate/View/FileViewFinder.php:137)
[stacktrace]
#0 /mnt/c/Users/user1/Documents/GitHub/adminapp/vendor/laravel/framework/src/Illuminate/View/FileViewFinder.php(79): Illuminate\\View\\FileViewFinder->findInPaths()
#1 /mnt/c/Users/user1/Documents/GitHub/adminapp/vendor/laravel/framework/src/Illuminate/View/Factory.php(131): Illuminate\\View\\FileViewFinder->find()
#2 /mnt/c/Users/user1/Documents/GitHub/adminapp/vendor/laravel/framework/src/Illuminate/Foundation/helpers.php(961): Illuminate\\View\\Factory->make()
#3 /mnt/c/Users/user1/Documents/GitHub/adminapp/routes/web.php(6): view()
#4 /mnt/c/Users/user1/Documents/GitHub/adminapp/vendor/laravel/framework/src/Illuminate/Routing/Route.php(211): Illuminate\\Routing\\RouteFileRegistrar->{closure}()
#5 /mnt/c/Users/user1/Documents/GitHub/adminapp/vendor/laravel/framework/src/Illuminate/Routing/Route.php(185): Illuminate\\Routing\\Route->runCallable()
#6 /mnt/c/Users/user1/Documents/GitHub/adminapp/vendor/laravel/framework/src/Illuminate/Routing/Router.php(685): Illuminate\\Routing\\Route->run()
#7 /mnt/c/Users/user1/Documents/GitHub/adminapp/vendor/laravel/framework/src/Illuminate/Pipeline/Pipeline.php(128): Illuminate\\Routing\\Router->Illuminate\\Routing\\{closure}()
#8 /mnt/c/Users/user1/Documents/GitHub/adminapp/vendor/laravel/passport/src/Http/Middleware/CreateFreshApiToken.php(50): Illuminate\\Pipeline\\Pipeline->Illuminate\\Pipeline\\{closure}()
#9 /mnt/c/Users/user1/Documents/GitHub/adminapp/vendor/laravel/framework/src/Illuminate/Pipeline/Pipeline.php(167): Laravel\\Passport\\Http\\Middleware\\CreateFreshApiToken->handle()
#10 /mnt/c/Users/user1/Documents/GitHub/adminapp/vendor/laravel/framework/src/Illuminate/Routing/Middleware/SubstituteBindings.php(41): Illuminate\\Pipeline\\Pipeline->Illuminate\\Pipeline\\{closure}()
#11 /mnt/c/Users/user1/Documents/GitHub/adminapp/vendor/laravel/framework/src/Illuminate/Pipeline/Pipeline.php(167): Illuminate\\Routing\\Middleware\\SubstituteBindings->handle()
#12 /mnt/c/Users/user1/Documents/GitHub/adminapp/vendor/laravel/framework/src/Illuminate/Foundation/Http/Middleware/VerifyCsrfToken.php(76): Illuminate\\Pipeline\\Pipeline->Illuminate\\Pipeline\\{closure}()
#13 /mnt/c/Users/user1/Documents/GitHub/adminapp/vendor/laravel/framework/src/Illuminate/Pipeline/Pipeline.php(167): Illuminate\\Foundation\\Http\\Middleware\\VerifyCsrfToken->handle()
#14 /mnt/c/Users/user1/Documents/GitHub/adminapp/vendor/laravel/framework/src/Illuminate/View/Middleware/ShareErrorsFromSession.php(49): Illuminate\\Pipeline\\Pipeline->Illuminate\\Pipeline\\{closure}()
#15 /mnt/c/Users/user1/Documents/GitHub/adminapp/vendor/laravel/framework/src/Illuminate/Pipeline/Pipeline.php(167): Illuminate\\View\\Middleware\\ShareErrorsFromSession->handle()
#16 /mnt/c/Users/user1/Documents/GitHub/adminapp/vendor/laravel/framework/src/Illuminate/Session/Middleware/StartSession.php(56): Illuminate\\Pipeline\\Pipeline->Illuminate\\Pipeline\\{closure}()
#17 /mnt/c/Users/user1/Documents/GitHub/adminapp/vendor/laravel/framework/src/Illuminate/Pipeline/Pipeline.php(167): Illuminate\\Session\\Middleware\\StartSession->handle()
#18 /mnt/c/Users/user1/Documents/GitHub/adminapp/vendor/laravel/framework/src/Illuminate/Cookie/Middleware/AddQueuedCookiesToResponse.php(37): Illuminate\\Pipeline\\Pipeline->Illuminate\\Pipeline\\{closure}()
#19 /mnt/c/Users/user1/Documents/GitHub/adminapp/vendor/laravel/framework/src/Illuminate/Pipeline/Pipeline.php(167): Illuminate\\Cookie\\Middleware\\AddQueuedCookiesToResponse->handle()
#20 /mnt/c/Users/user1/Documents/GitHub/adminapp/vendor/laravel/framework/src/Illuminate/Cookie/Middleware/EncryptCookies.php(66): Illuminate\\Pipeline\\Pipeline->Illuminate\\Pipeline\\{closure}()
#21 /mnt/c/Users/user1/Documents/GitHub/adminapp/vendor/laravel/framework/src/Illuminate/Pipeline/Pipeline.php(167): Illuminate\\Cookie\\Middleware\\EncryptCookies->handle()
#22 /mnt/c/Users/user1/Documents/GitHub/adminapp/vendor/laravel/framework/src/Illuminate/Pipeline/Pipeline.php(103): Illuminate\\Pipeline\\Pipeline->Illuminate\\Pipeline\\{closure}()
#23 /mnt/c/Users/user1/Documents/GitHub/adminapp/vendor/laravel/framework/src/Illuminate/Routing/Router.php(687): Illuminate\\Pipeline\\Pipeline->then()
#24 /mnt/c/Users/user1/Documents/GitHub/adminapp/vendor/laravel/framework/src/Illuminate/Routing/Router.php(662): Illuminate\\Routing\\Router->runRouteWithinStack()
#25 /mnt/c/Users/user1/Documents/GitHub/adminapp/vendor/laravel/framework/src/Illuminate/Routing/Router.php(628): Illuminate\\Routing\\Router->runRoute()
#26 /mnt/c/Users/user1/Documents/GitHub/adminapp/vendor/laravel/framework/src/Illuminate/Routing/Router.php(617): Illuminate\\Routing\\Router->dispatchToRoute()
#27 /mnt/c/Users/user1/Documents/GitHub/adminapp/vendor/laravel/framework/src/Illuminate/Foundation/Http/Kernel.php(165): Illuminate\\Routing\\Router->dispatch()
#28 /mnt/c/Users/user1/Documents/GitHub/adminapp/vendor/laravel/framework/src/Illuminate/Pipeline/Pipeline.php(128): Illuminate\\Foundation\\Http\\Kernel->Illuminate\\Foundation\\Http\\{closure}()
#29 /mnt/c/Users/user1/Documents/GitHub/adminapp/vendor/laravel/framework/src/Illuminate/Foundation/Http/Middleware/TransformsRequest.php(21): Illuminate\\Pipeline\\Pipeline->Illuminate\\Pipeline\\{closure}()
#30 /mnt/c/Users/user1/Documents/GitHub/adminapp/vendor/laravel/framework/src/Illuminate/Pipeline/Pipeline.php(167): Illuminate\\Foundation\\Http\\Middleware\\TransformsRequest->handle()
#31 /mnt/c/Users/user1/Documents/GitHub/adminapp/vendor/laravel/framework/src/Illuminate/Foundation/Http/Middleware/TransformsRequest.php(21): Illuminate\\Pipeline\\Pipeline->Illuminate\\Pipeline\\{closure}()
#32 /mnt/c/Users/user1/Documents/GitHub/adminapp/vendor/laravel/framework/src/Illuminate/Pipeline/Pipeline.php(167): Illuminate\\Foundation\\Http\\Middleware\\TransformsRequest->handle()
#33 /mnt/c/Users/user1/Documents/GitHub/adminapp/vendor/laravel/framework/src/Illuminate/Foundation/Http/Middleware/ValidatePostSize.php(27): Illuminate\\Pipeline\\Pipeline->Illuminate\\Pipeline\\{closure}()
#34 /mnt/c/Users/user1/Documents/GitHub/adminapp/vendor/laravel/framework/src/Illuminate/Pipeline/Pipeline.php(167): Illuminate\\Foundation\\Http\\Middleware\\ValidatePostSize->handle()
#35 /mnt/c/Users/user1/Documents/GitHub/adminapp/vendor/laravel/framework/src/Illuminate/Foundation/Http/Middleware/CheckForMaintenanceMode.php(63): Illuminate\\Pipeline\\Pipeline->Illuminate\\Pipeline\\{closure}()
#36 /mnt/c/Users/user1/Documents/GitHub/adminapp/vendor/laravel/framework/src/Illuminate/Pipeline/Pipeline.php(167): Illuminate\\Foundation\\Http\\Middleware\\CheckForMaintenanceMode->handle()
#37 /mnt/c/Users/user1/Documents/GitHub/adminapp/vendor/fruitcake/laravel-cors/src/HandleCors.php(36): Illuminate\\Pipeline\\Pipeline->Illuminate\\Pipeline\\{closure}()
#38 /mnt/c/Users/user1/Documents/GitHub/adminapp/vendor/laravel/framework/src/Illuminate/Pipeline/Pipeline.php(167): Fruitcake\\Cors\\HandleCors->handle()
#39 /mnt/c/Users/user1/Documents/GitHub/adminapp/vendor/fideloper/proxy/src/TrustProxies.php(57): Illuminate\\Pipeline\\Pipeline->Illuminate\\Pipeline\\{closure}()
#40 /mnt/c/Users/user1/Documents/GitHub/adminapp/vendor/laravel/framework/src/Illuminate/Pipeline/Pipeline.php(167): Fideloper\\Proxy\\TrustProxies->handle()
#41 /mnt/c/Users/user1/Documents/GitHub/adminapp/vendor/laravel/framework/src/Illuminate/Pipeline/Pipeline.php(103): Illuminate\\Pipeline\\Pipeline->Illuminate\\Pipeline\\{closure}()
#42 /mnt/c/Users/user1/Documents/GitHub/adminapp/vendor/laravel/framework/src/Illuminate/Foundation/Http/Kernel.php(140): Illuminate\\Pipeline\\Pipeline->then()
#43 /mnt/c/Users/user1/Documents/GitHub/adminapp/vendor/laravel/framework/src/Illuminate/Foundation/Http/Kernel.php(109): Illuminate\\Foundation\\Http\\Kernel->sendRequestThroughRouter()
#44 /mnt/c/Users/user1/Documents/GitHub/adminapp/public/index.php(55): Illuminate\\Foundation\\Http\\Kernel->handle()
#45 /mnt/c/Users/user1/Documents/GitHub/adminapp/server.php(21): require_once('/mnt/c/Users/us...')
#46 {main}
"} 
[2020-10-08 19:40:46] local.ERROR: file_put_contents(C:\Users\user1\Documents\GitHub\adminapp\storage\framework/sessions/GezN9NyujRASHF6Cg01MEPOTIS51SGbzg8xaQR1v): failed to open stream: No such file or directory {"exception":"[object] (ErrorException(code: 0): file_put_contents(C:\\Users\\user1\\Documents\\GitHub\\adminapp\\storage\\framework/sessions/GezN9NyujRASHF6Cg01MEPOTIS51SGbzg8xaQR1v): failed to open stream: No such file or directory at /mnt/c/Users/user1/Documents/GitHub/adminapp/vendor/laravel/framework/src/Illuminate/Filesystem/Filesystem.php:133)
[stacktrace]
#0 [internal function]: Illuminate\\Foundation\\Bootstrap\\HandleExceptions->handleError()
#1 /mnt/c/Users/user1/Documents/GitHub/adminapp/vendor/laravel/framework/src/Illuminate/Filesystem/Filesystem.php(133): file_put_contents()
#2 /mnt/c/Users/user1/Documents/GitHub/adminapp/vendor/laravel/framework/src/Illuminate/Session/FileSessionHandler.php(83): Illuminate\\Filesystem\\Filesystem->put()
#3 /mnt/c/Users/user1/Documents/GitHub/adminapp/vendor/laravel/framework/src/Illuminate/Session/Store.php(129): Illuminate\\Session\\FileSessionHandler->write()
#4 /mnt/c/Users/user1/Documents/GitHub/adminapp/vendor/laravel/framework/src/Illuminate/Session/Middleware/StartSession.php(170): Illuminate\\Session\\Store->save()
#5 /mnt/c/Users/user1/Documents/GitHub/adminapp/vendor/laravel/framework/src/Illuminate/Session/Middleware/StartSession.php(65): Illuminate\\Session\\Middleware\\StartSession->saveSession()
#6 /mnt/c/Users/user1/Documents/GitHub/adminapp/vendor/laravel/framework/src/Illuminate/Pipeline/Pipeline.php(167): Illuminate\\Session\\Middleware\\StartSession->handle()
#7 /mnt/c/Users/user1/Documents/GitHub/adminapp/vendor/laravel/framework/src/Illuminate/Cookie/Middleware/AddQueuedCookiesToResponse.php(37): Illuminate\\Pipeline\\Pipeline->Illuminate\\Pipeline\\{closure}()
#8 /mnt/c/Users/user1/Documents/GitHub/adminapp/vendor/laravel/framework/src/Illuminate/Pipeline/Pipeline.php(167): Illuminate\\Cookie\\Middleware\\AddQueuedCookiesToResponse->handle()
#9 /mnt/c/Users/user1/Documents/GitHub/adminapp/vendor/laravel/framework/src/Illuminate/Cookie/Middleware/EncryptCookies.php(66): Illuminate\\Pipeline\\Pipeline->Illuminate\\Pipeline\\{closure}()
#10 /mnt/c/Users/user1/Documents/GitHub/adminapp/vendor/laravel/framework/src/Illuminate/Pipeline/Pipeline.php(167): Illuminate\\Cookie\\Middleware\\EncryptCookies->handle()
#11 /mnt/c/Users/user1/Documents/GitHub/adminapp/vendor/laravel/framework/src/Illuminate/Pipeline/Pipeline.php(103): Illuminate\\Pipeline\\Pipeline->Illuminate\\Pipeline\\{closure}()
#12 /mnt/c/Users/user1/Documents/GitHub/adminapp/vendor/laravel/framework/src/Illuminate/Routing/Router.php(687): Illuminate\\Pipeline\\Pipeline->then()
#13 /mnt/c/Users/user1/Documents/GitHub/adminapp/vendor/laravel/framework/src/Illuminate/Routing/Router.php(662): Illuminate\\Routing\\Router->runRouteWithinStack()
#14 /mnt/c/Users/user1/Documents/GitHub/adminapp/vendor/laravel/framework/src/Illuminate/Routing/Router.php(628): Illuminate\\Routing\\Router->runRoute()
#15 /mnt/c/Users/user1/Documents/GitHub/adminapp/vendor/laravel/framework/src/Illuminate/Routing/Router.php(617): Illuminate\\Routing\\Router->dispatchToRoute()
#16 /mnt/c/Users/user1/Documents/GitHub/adminapp/vendor/laravel/framework/src/Illuminate/Foundation/Http/Kernel.php(165): Illuminate\\Routing\\Router->dispatch()
#17 /mnt/c/Users/user1/Documents/GitHub/adminapp/vendor/laravel/framework/src/Illuminate/Pipeline/Pipeline.php(128): Illuminate\\Foundation\\Http\\Kernel->Illuminate\\Foundation\\Http\\{closure}()
#18 /mnt/c/Users/user1/Documents/GitHub/adminapp/vendor/laravel/framework/src/Illuminate/Foundation/Http/Middleware/TransformsRequest.php(21): Illuminate\\Pipeline\\Pipeline->Illuminate\\Pipeline\\{closure}()
#19 /mnt/c/Users/user1/Documents/GitHub/adminapp/vendor/laravel/framework/src/Illuminate/Pipeline/Pipeline.php(167): Illuminate\\Foundation\\Http\\Middleware\\TransformsRequest->handle()
#20 /mnt/c/Users/user1/Documents/GitHub/adminapp/vendor/laravel/framework/src/Illuminate/Foundation/Http/Middleware/TransformsRequest.php(21): Illuminate\\Pipeline\\Pipeline->Illuminate\\Pipeline\\{closure}()
#21 /mnt/c/Users/user1/Documents/GitHub/adminapp/vendor/laravel/framework/src/Illuminate/Pipeline/Pipeline.php(167): Illuminate\\Foundation\\Http\\Middleware\\TransformsRequest->handle()
#22 /mnt/c/Users/user1/Documents/GitHub/adminapp/vendor/laravel/framework/src/Illuminate/Foundation/Http/Middleware/ValidatePostSize.php(27): Illuminate\\Pipeline\\Pipeline->Illuminate\\Pipeline\\{closure}()
#23 /mnt/c/Users/user1/Documents/GitHub/adminapp/vendor/laravel/framework/src/Illuminate/Pipeline/Pipeline.php(167): Illuminate\\Foundation\\Http\\Middleware\\ValidatePostSize->handle()
#24 /mnt/c/Users/user1/Documents/GitHub/adminapp/vendor/laravel/framework/src/Illuminate/Foundation/Http/Middleware/CheckForMaintenanceMode.php(63): Illuminate\\Pipeline\\Pipeline->Illuminate\\Pipeline\\{closure}()
#25 /mnt/c/Users/user1/Documents/GitHub/adminapp/vendor/laravel/framework/src/Illuminate/Pipeline/Pipeline.php(167): Illuminate\\Foundation\\Http\\Middleware\\CheckForMaintenanceMode->handle()
#26 /mnt/c/Users/user1/Documents/GitHub/adminapp/vendor/fruitcake/laravel-cors/src/HandleCors.php(36): Illuminate\\Pipeline\\Pipeline->Illuminate\\Pipeline\\{closure}()
#27 /mnt/c/Users/user1/Documents/GitHub/adminapp/vendor/laravel/framework/src/Illuminate/Pipeline/Pipeline.php(167): Fruitcake\\Cors\\HandleCors->handle()
#28 /mnt/c/Users/user1/Documents/GitHub/adminapp/vendor/fideloper/proxy/src/TrustProxies.php(57): Illuminate\\Pipeline\\Pipeline->Illuminate\\Pipeline\\{closure}()
#29 /mnt/c/Users/user1/Documents/GitHub/adminapp/vendor/laravel/framework/src/Illuminate/Pipeline/Pipeline.php(167): Fideloper\\Proxy\\TrustProxies->handle()
#30 /mnt/c/Users/user1/Documents/GitHub/adminapp/vendor/laravel/framework/src/Illuminate/Pipeline/Pipeline.php(103): Illuminate\\Pipeline\\Pipeline->Illuminate\\Pipeline\\{closure}()
#31 /mnt/c/Users/user1/Documents/GitHub/adminapp/vendor/laravel/framework/src/Illuminate/Foundation/Http/Kernel.php(140): Illuminate\\Pipeline\\Pipeline->then()
#32 /mnt/c/Users/user1/Documents/GitHub/adminapp/vendor/laravel/framework/src/Illuminate/Foundation/Http/Kernel.php(109): Illuminate\\Foundation\\Http\\Kernel->sendRequestThroughRouter()
#33 /mnt/c/Users/user1/Documents/GitHub/adminapp/public/index.php(55): Illuminate\\Foundation\\Http\\Kernel->handle()
#34 /mnt/c/Users/user1/Documents/GitHub/adminapp/server.php(21): require_once('/mnt/c/Users/us...')
#35 {main}
"} 
