[2020-10-08 19:35:31] local.ERROR: SQLSTATE[HY000] [2002] Connection refused (SQL: select * from information_schema.tables where table_schema = adminapp and table_name = migrations and table_type = 'BASE TABLE') {"exception":"[object] (Illuminate\\Database\\QueryException(code: 2002): SQLSTATE[HY000] [2002] Connection refused (SQL: select * from information_schema.tables where table_schema = adminapp and table_name = migrations and table_type = 'BASE TABLE') at /mnt/c/Users/user1/Documents/GitHub/adminapp/vendor/laravel/framework/src/Illuminate/Database/Connection.php:671)
[stacktrace]
#0 /mnt/c/Users/user1/Documents/GitHub/adminapp/vendor/laravel/framework/src/Illuminate/Database/Connection.php(745): Illuminate\\Database\\Connection->runQueryCallback()
#1 /mnt/c/Users/user1/Documents/GitHub/adminapp/vendor/laravel/framework/src/Illuminate/Database/Connection.php(725): Illuminate\\Database\\Connection->tryAgainIfCausedByLostConnection()
#2 /mnt/c/Users/user1/Documents/GitHub/adminapp/vendor/laravel/framework/src/Illuminate/Database/Connection.php(634): Illuminate\\Database\\Connection->handleQueryException()
#3 /mnt/c/Users/user1/Documents/GitHub/adminapp/vendor/laravel/framework/src/Illuminate/Database/Connection.php(339): Illuminate\\Database\\Connection->run()
#4 /mnt/c/Users/user1/Documents/GitHub/adminapp/vendor/laravel/framework/src/Illuminate/Database/Schema/MySqlBuilder.php(18): Illuminate\\Database\\Connection->select()
#5 /mnt/c/Users/user1/Documents/GitHub/adminapp/vendor/laravel/framework/src/Illuminate/Database/Migrations/DatabaseMigrationRepository.php(169): Illuminate\\Database\\Schema\\MySqlBuilder->hasTable()
#6 /mnt/c/Users/user1/Documents/GitHub/adminapp/vendor/laravel/framework/src/Illuminate/Database/Migrations/Migrator.php(608): Illuminate\\Database\\Migrations\\DatabaseMigrationRepository->repositoryExists()
#7 /mnt/c/Users/user1/Documents/GitHub/adminapp/vendor/laravel/framework/src/Illuminate/Database/Console/Migrations/ResetCommand.php(62): Illuminate\\Database\\Migrations\\Migrator->repositoryExists()
#8 /mnt/c/Users/user1/Documents/GitHub/adminapp/vendor/laravel/framework/src/Illuminate/Database/Migrations/Migrator.php(541): Illuminate\\Database\\Console\\Migrations\\ResetCommand->Illuminate\\Database\\Console\\Migrations\\{closure}()
#9 /mnt/c/Users/user1/Documents/GitHub/adminapp/vendor/laravel/framework/src/Illuminate/Database/Console/Migrations/ResetCommand.php(69): Illuminate\\Database\\Migrations\\Migrator->usingConnection()
#10 [internal function]: Illuminate\\Database\\Console\\Migrations\\ResetCommand->handle()
#11 /mnt/c/Users/user1/Documents/GitHub/adminapp/vendor/laravel/framework/src/Illuminate/Container/BoundMethod.php(33): call_user_func_array()
#12 /mnt/c/Users/user1/Documents/GitHub/adminapp/vendor/laravel/framework/src/Illuminate/Container/Util.php(36): Illuminate\\Container\\BoundMethod::Illuminate\\Container\\{closure}()
#13 /mnt/c/Users/user1/Documents/GitHub/adminapp/vendor/laravel/framework/src/Illuminate/Container/BoundMethod.php(91): Illuminate\\Container\\Util::unwrapIfClosure()
#14 /mnt/c/Users/user1/Documents/GitHub/adminapp/vendor/laravel/framework/src/Illuminate/Container/BoundMethod.php(35): Illuminate\\Container\\BoundMethod::callBoundMethod()
#15 /mnt/c/Users/user1/Documents/GitHub/adminapp/vendor/laravel/framework/src/Illuminate/Container/Container.php(592): Illuminate\\Container\\BoundMethod::call()
#16 /mnt/c/Users/user1/Documents/GitHub/adminapp/vendor/laravel/framework/src/Illuminate/Console/Command.php(134): Illuminate\\Container\\Container->call()
#17 /mnt/c/Users/user1/Documents/GitHub/adminapp/vendor/symfony/console/Command/Command.php(255): Illuminate\\Console\\Command->execute()
#18 /mnt/c/Users/user1/Documents/GitHub/adminapp/vendor/laravel/framework/src/Illuminate/Console/Command.php(121): Symfony\\Component\\Console\\Command\\Command->run()
#19 /mnt/c/Users/user1/Documents/GitHub/adminapp/vendor/laravel/framework/src/Illuminate/Console/Concerns/CallsCommands.php(56): Illuminate\\Console\\Command->run()
#20 /mnt/c/Users/user1/Documents/GitHub/adminapp/vendor/laravel/framework/src/Illuminate/Console/Concerns/CallsCommands.php(28): Illuminate\\Console\\Command->runCommand()
#21 /mnt/c/Users/user1/Documents/GitHub/adminapp/vendor/laravel/framework/src/Illuminate/Database/Console/Migrations/RefreshCommand.php(102): Illuminate\\Console\\Command->call()
#22 /mnt/c/Users/user1/Documents/GitHub/adminapp/vendor/laravel/framework/src/Illuminate/Database/Console/Migrations/RefreshCommand.php(53): Illuminate\\Database\\Console\\Migrations\\RefreshCommand->runReset()
#23 [internal function]: Illuminate\\Database\\Console\\Migrations\\RefreshCommand->handle()
#24 /mnt/c/Users/user1/Documents/GitHub/adminapp/vendor/laravel/framework/src/Illuminate/Container/BoundMethod.php(33): call_user_func_array()
#25 /mnt/c/Users/user1/Documents/GitHub/adminapp/vendor/laravel/framework/src/Illuminate/Container/Util.php(36): Illuminate\\Container\\BoundMethod::Illuminate\\Container\\{closure}()
#26 /mnt/c/Users/user1/Documents/GitHub/adminapp/vendor/laravel/framework/src/Illuminate/Container/BoundMethod.php(91): Illuminate\\Container\\Util::unwrapIfClosure()
#27 /mnt/c/Users/user1/Documents/GitHub/adminapp/vendor/laravel/framework/src/Illuminate/Container/BoundMethod.php(35): Illuminate\\Container\\BoundMethod::callBoundMethod()
#28 /mnt/c/Users/user1/Documents/GitHub/adminapp/vendor/laravel/framework/src/Illuminate/Container/Container.php(592): Illuminate\\Container\\BoundMethod::call()
#29 /mnt/c/Users/user1/Documents/GitHub/adminapp/vendor/laravel/framework/src/Illuminate/Console/Command.php(134): Illuminate\\Container\\Container->call()
#30 /mnt/c/Users/user1/Documents/GitHub/adminapp/vendor/symfony/console/Command/Command.php(255): Illuminate\\Console\\Command->execute()
#31 /mnt/c/Users/user1/Documents/GitHub/adminapp/vendor/laravel/framework/src/Illuminate/Console/Command.php(121): Symfony\\Component\\Console\\Command\\Command->run()
#32 /mnt/c/Users/user1/Documents/GitHub/adminapp/vendor/symfony/console/Application.php(912): Illuminate\\Console\\Command->run()
#33 /mnt/c/Users/user1/Documents/GitHub/adminapp/vendor/symfony/console/Application.php(264): Symfony\\Component\\Console\\Application->doRunCommand()
#34 /mnt/c/Users/user1/Documents/GitHub/adminapp/vendor/symfony/console/Application.php(140): Symfony\\Component\\Console\\Application->doRun()
#35 /mnt/c/Users/user1/Documents/GitHub/adminapp/vendor/laravel/framework/src/Illuminate/Console/Application.php(93): Symfony\\Component\\Console\\Application->run()
#36 /mnt/c/Users/user1/Documents/GitHub/adminapp/vendor/laravel/framework/src/Illuminate/Foundation/Console/Kernel.php(129): Illuminate\\Console\\Application->run()
#37 /mnt/c/Users/user1/Documents/GitHub/adminapp/artisan(37): Illuminate\\Foundation\\Console\\Kernel->handle()
#38 {main}

[previous exception] [object] (PDOException(code: 2002): SQLSTATE[HY000] [2002] Connection refused at /mnt/c/Users/user1/Documents/GitHub/adminapp/vendor/laravel/framework/src/Illuminate/Database/Connectors/Connector.php:70)
[stacktrace]
#0 /mnt/c/Users/user1/Documents/GitHub/adminapp/vendor/laravel/framework/src/Illuminate/Database/Connectors/Connector.php(70): PDO->__construct()
#1 /mnt/c/Users/user1/Documents/GitHub/adminapp/vendor/laravel/framework/src/Illuminate/Database/Connectors/Connector.php(100): Illuminate\\Database\\Connectors\\Connector->createPdoConnection()
#2 /mnt/c/Users/user1/Documents/GitHub/adminapp/vendor/laravel/framework/src/Illuminate/Database/Connectors/Connector.php(50): Illuminate\\Database\\Connectors\\Connector->tryAgainIfCausedByLostConnection()
#3 /mnt/c/Users/user1/Documents/GitHub/adminapp/vendor/laravel/framework/src/Illuminate/Database/Connectors/MySqlConnector.php(24): Illuminate\\Database\\Connectors\\Connector->createConnection()
#4 /mnt/c/Users/user1/Documents/GitHub/adminapp/vendor/laravel/framework/src/Illuminate/Database/Connectors/ConnectionFactory.php(182): Illuminate\\Database\\Connectors\\MySqlConnector->connect()
#5 [internal function]: Illuminate\\Database\\Connectors\\ConnectionFactory->Illuminate\\Database\\Connectors\\{closure}()
#6 /mnt/c/Users/user1/Documents/GitHub/adminapp/vendor/laravel/framework/src/Illuminate/Database/Connection.php(926): call_user_func()
#7 /mnt/c/Users/user1/Documents/GitHub/adminapp/vendor/laravel/framework/src/Illuminate/Database/Connection.php(961): Illuminate\\Database\\Connection->getPdo()
#8 /mnt/c/Users/user1/Documents/GitHub/adminapp/vendor/laravel/framework/src/Illuminate/Database/Connection.php(405): Illuminate\\Database\\Connection->getReadPdo()
#9 /mnt/c/Users/user1/Documents/GitHub/adminapp/vendor/laravel/framework/src/Illuminate/Database/Connection.php(331): Illuminate\\Database\\Connection->getPdoForSelect()
#10 /mnt/c/Users/user1/Documents/GitHub/adminapp/vendor/laravel/framework/src/Illuminate/Database/Connection.php(664): Illuminate\\Database\\Connection->Illuminate\\Database\\{closure}()
#11 /mnt/c/Users/user1/Documents/GitHub/adminapp/vendor/laravel/framework/src/Illuminate/Database/Connection.php(745): Illuminate\\Database\\Connection->runQueryCallback()
#12 /mnt/c/Users/user1/Documents/GitHub/adminapp/vendor/laravel/framework/src/Illuminate/Database/Connection.php(725): Illuminate\\Database\\Connection->tryAgainIfCausedByLostConnection()
#13 /mnt/c/Users/user1/Documents/GitHub/adminapp/vendor/laravel/framework/src/Illuminate/Database/Connection.php(634): Illuminate\\Database\\Connection->handleQueryException()
#14 /mnt/c/Users/user1/Documents/GitHub/adminapp/vendor/laravel/framework/src/Illuminate/Database/Connection.php(339): Illuminate\\Database\\Connection->run()
#15 /mnt/c/Users/user1/Documents/GitHub/adminapp/vendor/laravel/framework/src/Illuminate/Database/Schema/MySqlBuilder.php(18): Illuminate\\Database\\Connection->select()
#16 /mnt/c/Users/user1/Documents/GitHub/adminapp/vendor/laravel/framework/src/Illuminate/Database/Migrations/DatabaseMigrationRepository.php(169): Illuminate\\Database\\Schema\\MySqlBuilder->hasTable()
#17 /mnt/c/Users/user1/Documents/GitHub/adminapp/vendor/laravel/framework/src/Illuminate/Database/Migrations/Migrator.php(608): Illuminate\\Database\\Migrations\\DatabaseMigrationRepository->repositoryExists()
#18 /mnt/c/Users/user1/Documents/GitHub/adminapp/vendor/laravel/framework/src/Illuminate/Database/Console/Migrations/ResetCommand.php(62): Illuminate\\Database\\Migrations\\Migrator->repositoryExists()
#19 /mnt/c/Users/user1/Documents/GitHub/adminapp/vendor/laravel/framework/src/Illuminate/Database/Migrations/Migrator.php(541): Illuminate\\Database\\Console\\Migrations\\ResetCommand->Illuminate\\Database\\Console\\Migrations\\{closure}()
#20 /mnt/c/Users/user1/Documents/GitHub/adminapp/vendor/laravel/framework/src/Illuminate/Database/Console/Migrations/ResetCommand.php(69): Illuminate\\Database\\Migrations\\Migrator->usingConnection()
#21 [internal function]: Illuminate\\Database\\Console\\Migrations\\ResetCommand->handle()
#22 /mnt/c/Users/user1/Documents/GitHub/adminapp/vendor/laravel/framework/src/Illuminate/Container/BoundMethod.php(33): call_user_func_array()
#23 /mnt/c/Users/user1/Documents/GitHub/adminapp/vendor/laravel/framework/src/Illuminate/Container/Util.php(36): Illuminate\\Container\\BoundMethod::Illuminate\\Container\\{closure}()
#24 /mnt/c/Users/user1/Documents/GitHub/adminapp/vendor/laravel/framework/src/Illuminate/Container/BoundMethod.php(91): Illuminate\\Container\\Util::unwrapIfClosure()
#25 /mnt/c/Users/user1/Documents/GitHub/adminapp/vendor/laravel/framework/src/Illuminate/Container/BoundMethod.php(35): Illuminate\\Container\\BoundMethod::callBoundMethod()
#26 /mnt/c/Users/user1/Documents/GitHub/adminapp/vendor/laravel/framework/src/Illuminate/Container/Container.php(592): Illuminate\\Container\\BoundMethod::call()
#27 /mnt/c/Users/user1/Documents/GitHub/adminapp/vendor/laravel/framework/src/Illuminate/Console/Command.php(134): Illuminate\\Container\\Container->call()
#28 /mnt/c/Users/user1/Documents/GitHub/adminapp/vendor/symfony/console/Command/Command.php(255): Illuminate\\Console\\Command->execute()
#29 /mnt/c/Users/user1/Documents/GitHub/adminapp/vendor/laravel/framework/src/Illuminate/Console/Command.php(121): Symfony\\Component\\Console\\Command\\Command->run()
#30 /mnt/c/Users/user1/Documents/GitHub/adminapp/vendor/laravel/framework/src/Illuminate/Console/Concerns/CallsCommands.php(56): Illuminate\\Console\\Command->run()
#31 /mnt/c/Users/user1/Documents/GitHub/adminapp/vendor/laravel/framework/src/Illuminate/Console/Concerns/CallsCommands.php(28): Illuminate\\Console\\Command->runCommand()
#32 /mnt/c/Users/user1/Documents/GitHub/adminapp/vendor/laravel/framework/src/Illuminate/Database/Console/Migrations/RefreshCommand.php(102): Illuminate\\Console\\Command->call()
#33 /mnt/c/Users/user1/Documents/GitHub/adminapp/vendor/laravel/framework/src/Illuminate/Database/Console/Migrations/RefreshCommand.php(53): Illuminate\\Database\\Console\\Migrations\\RefreshCommand->runReset()
#34 [internal function]: Illuminate\\Database\\Console\\Migrations\\RefreshCommand->handle()
#35 /mnt/c/Users/user1/Documents/GitHub/adminapp/vendor/laravel/framework/src/Illuminate/Container/BoundMethod.php(33): call_user_func_array()
#36 /mnt/c/Users/user1/Documents/GitHub/adminapp/vendor/laravel/framework/src/Illuminate/Container/Util.php(36): Illuminate\\Container\\BoundMethod::Illuminate\\Container\\{closure}()
#37 /mnt/c/Users/user1/Documents/GitHub/adminapp/vendor/laravel/framework/src/Illuminate/Container/BoundMethod.php(91): Illuminate\\Container\\Util::unwrapIfClosure()
#38 /mnt/c/Users/user1/Documents/GitHub/adminapp/vendor/laravel/framework/src/Illuminate/Container/BoundMethod.php(35): Illuminate\\Container\\BoundMethod::callBoundMethod()
#39 /mnt/c/Users/user1/Documents/GitHub/adminapp/vendor/laravel/framework/src/Illuminate/Container/Container.php(592): Illuminate\\Container\\BoundMethod::call()
#40 /mnt/c/Users/user1/Documents/GitHub/adminapp/vendor/laravel/framework/src/Illuminate/Console/Command.php(134): Illuminate\\Container\\Container->call()
#41 /mnt/c/Users/user1/Documents/GitHub/adminapp/vendor/symfony/console/Command/Command.php(255): Illuminate\\Console\\Command->execute()
#42 /mnt/c/Users/user1/Documents/GitHub/adminapp/vendor/laravel/framework/src/Illuminate/Console/Command.php(121): Symfony\\Component\\Console\\Command\\Command->run()
#43 /mnt/c/Users/user1/Documents/GitHub/adminapp/vendor/symfony/console/Application.php(912): Illuminate\\Console\\Command->run()
#44 /mnt/c/Users/user1/Documents/GitHub/adminapp/vendor/symfony/console/Application.php(264): Symfony\\Component\\Console\\Application->doRunCommand()
#45 /mnt/c/Users/user1/Documents/GitHub/adminapp/vendor/symfony/console/Application.php(140): Symfony\\Component\\Console\\Application->doRun()
#46 /mnt/c/Users/user1/Documents/GitHub/adminapp/vendor/laravel/framework/src/Illuminate/Console/Application.php(93): Symfony\\Component\\Console\\Application->run()
#47 /mnt/c/Users/user1/Documents/GitHub/adminapp/vendor/laravel/framework/src/Illuminate/Foundation/Console/Kernel.php(129): Illuminate\\Console\\Application->run()
#48 /mnt/c/Users/user1/Documents/GitHub/adminapp/artisan(37): Illuminate\\Foundation\\Console\\Kernel->handle()
#49 {main}
"} 
[2020-10-08 19:35:48] local.ERROR: SQLSTATE[23000]: Integrity constraint violation: 1062 Duplicate entry 'dpisti@gmail.com' for key 'users_email_unique' (SQL: insert into `users` (`name`, `type`, `franchise`, `email`, `email_verified_at`, `password`, `remember_token`, `updated_at`, `created_at`) values (Daniel Pisati, admin, Christchurch, dpisti@gmail.com, 2020-10-08 19:35:48, $2y$10$rv237ndtF67zuLVQmBqWp.Y1.4boGPT3.p.EZrCfNE9IpZNzlk4Iy, 7ax5VF2mrf, 2020-10-08 19:35:48, 2020-10-08 19:35:48)) {"exception":"[object] (Illuminate\\Database\\QueryException(code: 23000): SQLSTATE[23000]: Integrity constraint violation: 1062 Duplicate entry 'dpisti@gmail.com' for key 'users_email_unique' (SQL: insert into `users` (`name`, `type`, `franchise`, `email`, `email_verified_at`, `password`, `remember_token`, `updated_at`, `created_at`) values (Daniel Pisati, admin, Christchurch, dpisti@gmail.com, 2020-10-08 19:35:48, $2y$10$rv237ndtF67zuLVQmBqWp.Y1.4boGPT3.p.EZrCfNE9IpZNzlk4Iy, 7ax5VF2mrf, 2020-10-08 19:35:48, 2020-10-08 19:35:48)) at /mnt/c/Users/user1/Documents/GitHub/adminapp/vendor/laravel/framework/src/Illuminate/Database/Connection.php:671)
[stacktrace]
#0 /mnt/c/Users/user1/Documents/GitHub/adminapp/vendor/laravel/framework/src/Illuminate/Database/Connection.php(631): Illuminate\\Database\\Connection->runQueryCallback()
#1 /mnt/c/Users/user1/Documents/GitHub/adminapp/vendor/laravel/framework/src/Illuminate/Database/Connection.php(465): Illuminate\\Database\\Connection->run()
#2 /mnt/c/Users/user1/Documents/GitHub/adminapp/vendor/laravel/framework/src/Illuminate/Database/Connection.php(417): Illuminate\\Database\\Connection->statement()
#3 /mnt/c/Users/user1/Documents/GitHub/adminapp/vendor/laravel/framework/src/Illuminate/Database/Query/Processors/Processor.php(32): Illuminate\\Database\\Connection->insert()
#4 /mnt/c/Users/user1/Documents/GitHub/adminapp/vendor/laravel/framework/src/Illuminate/Database/Query/Builder.php(2724): Illuminate\\Database\\Query\\Processors\\Processor->processInsertGetId()
#5 /mnt/c/Users/user1/Documents/GitHub/adminapp/vendor/laravel/framework/src/Illuminate/Database/Eloquent/Builder.php(1381): Illuminate\\Database\\Query\\Builder->insertGetId()
#6 /mnt/c/Users/user1/Documents/GitHub/adminapp/vendor/laravel/framework/src/Illuminate/Database/Eloquent/Model.php(866): Illuminate\\Database\\Eloquent\\Builder->__call()
#7 /mnt/c/Users/user1/Documents/GitHub/adminapp/vendor/laravel/framework/src/Illuminate/Database/Eloquent/Model.php(831): Illuminate\\Database\\Eloquent\\Model->insertAndSetId()
#8 /mnt/c/Users/user1/Documents/GitHub/adminapp/vendor/laravel/framework/src/Illuminate/Database/Eloquent/Model.php(694): Illuminate\\Database\\Eloquent\\Model->performInsert()
#9 /mnt/c/Users/user1/Documents/GitHub/adminapp/vendor/laravel/framework/src/Illuminate/Database/Eloquent/FactoryBuilder.php(210): Illuminate\\Database\\Eloquent\\Model->save()
#10 /mnt/c/Users/user1/Documents/GitHub/adminapp/vendor/laravel/framework/src/Illuminate/Support/Traits/EnumeratesValues.php(197): Illuminate\\Database\\Eloquent\\FactoryBuilder->Illuminate\\Database\\Eloquent\\{closure}()
#11 /mnt/c/Users/user1/Documents/GitHub/adminapp/vendor/laravel/framework/src/Illuminate/Database/Eloquent/FactoryBuilder.php(211): Illuminate\\Support\\Collection->each()
#12 /mnt/c/Users/user1/Documents/GitHub/adminapp/vendor/laravel/framework/src/Illuminate/Database/Eloquent/FactoryBuilder.php(172): Illuminate\\Database\\Eloquent\\FactoryBuilder->store()
#13 /mnt/c/Users/user1/Documents/GitHub/adminapp/vendor/laravel/framework/src/Illuminate/Database/Eloquent/FactoryBuilder.php(368): Illuminate\\Database\\Eloquent\\FactoryBuilder->create()
#14 /mnt/c/Users/user1/Documents/GitHub/adminapp/vendor/laravel/framework/src/Illuminate/Database/Eloquent/FactoryBuilder.php(282): Illuminate\\Database\\Eloquent\\FactoryBuilder->expandAttributes()
#15 /mnt/c/Users/user1/Documents/GitHub/adminapp/vendor/laravel/framework/src/Illuminate/Database/Eloquent/FactoryBuilder.php(296): Illuminate\\Database\\Eloquent\\FactoryBuilder->getRawAttributes()
#16 /mnt/c/Users/user1/Documents/GitHub/adminapp/vendor/laravel/framework/src/Illuminate/Database/Eloquent/Concerns/GuardsAttributes.php(116): Illuminate\\Database\\Eloquent\\FactoryBuilder->Illuminate\\Database\\Eloquent\\{closure}()
#17 /mnt/c/Users/user1/Documents/GitHub/adminapp/vendor/laravel/framework/src/Illuminate/Database/Eloquent/FactoryBuilder.php(304): Illuminate\\Database\\Eloquent\\Model::unguarded()
#18 /mnt/c/Users/user1/Documents/GitHub/adminapp/vendor/laravel/framework/src/Illuminate/Database/Eloquent/FactoryBuilder.php(233): Illuminate\\Database\\Eloquent\\FactoryBuilder->makeInstance()
#19 [internal function]: Illuminate\\Database\\Eloquent\\FactoryBuilder->Illuminate\\Database\\Eloquent\\{closure}()
#20 /mnt/c/Users/user1/Documents/GitHub/adminapp/vendor/laravel/framework/src/Illuminate/Database/Eloquent/FactoryBuilder.php(234): array_map()
#21 /mnt/c/Users/user1/Documents/GitHub/adminapp/vendor/laravel/framework/src/Illuminate/Database/Eloquent/FactoryBuilder.php(169): Illuminate\\Database\\Eloquent\\FactoryBuilder->make()
#22 /mnt/c/Users/user1/Documents/GitHub/adminapp/database/seeds/DatabaseSeeder.php(14): Illuminate\\Database\\Eloquent\\FactoryBuilder->create()
#23 [internal function]: DatabaseSeeder->run()
#24 /mnt/c/Users/user1/Documents/GitHub/adminapp/vendor/laravel/framework/src/Illuminate/Container/BoundMethod.php(33): call_user_func_array()
#25 /mnt/c/Users/user1/Documents/GitHub/adminapp/vendor/laravel/framework/src/Illuminate/Container/Util.php(36): Illuminate\\Container\\BoundMethod::Illuminate\\Container\\{closure}()
#26 /mnt/c/Users/user1/Documents/GitHub/adminapp/vendor/laravel/framework/src/Illuminate/Container/BoundMethod.php(91): Illuminate\\Container\\Util::unwrapIfClosure()
#27 /mnt/c/Users/user1/Documents/GitHub/adminapp/vendor/laravel/framework/src/Illuminate/Container/BoundMethod.php(35): Illuminate\\Container\\BoundMethod::callBoundMethod()
#28 /mnt/c/Users/user1/Documents/GitHub/adminapp/vendor/laravel/framework/src/Illuminate/Container/Container.php(592): Illuminate\\Container\\BoundMethod::call()
#29 /mnt/c/Users/user1/Documents/GitHub/adminapp/vendor/laravel/framework/src/Illuminate/Database/Seeder.php(134): Illuminate\\Container\\Container->call()
#30 /mnt/c/Users/user1/Documents/GitHub/adminapp/vendor/laravel/framework/src/Illuminate/Database/Console/Seeds/SeedCommand.php(65): Illuminate\\Database\\Seeder->__invoke()
#31 /mnt/c/Users/user1/Documents/GitHub/adminapp/vendor/laravel/framework/src/Illuminate/Database/Eloquent/Concerns/GuardsAttributes.php(122): Illuminate\\Database\\Console\\Seeds\\SeedCommand->Illuminate\\Database\\Console\\Seeds\\{closure}()
#32 /mnt/c/Users/user1/Documents/GitHub/adminapp/vendor/laravel/framework/src/Illuminate/Database/Console/Seeds/SeedCommand.php(66): Illuminate\\Database\\Eloquent\\Model::unguarded()
#33 [internal function]: Illuminate\\Database\\Console\\Seeds\\SeedCommand->handle()
#34 /mnt/c/Users/user1/Documents/GitHub/adminapp/vendor/laravel/framework/src/Illuminate/Container/BoundMethod.php(33): call_user_func_array()
#35 /mnt/c/Users/user1/Documents/GitHub/adminapp/vendor/laravel/framework/src/Illuminate/Container/Util.php(36): Illuminate\\Container\\BoundMethod::Illuminate\\Container\\{closure}()
#36 /mnt/c/Users/user1/Documents/GitHub/adminapp/vendor/laravel/framework/src/Illuminate/Container/BoundMethod.php(91): Illuminate\\Container\\Util::unwrapIfClosure()
#37 /mnt/c/Users/user1/Documents/GitHub/adminapp/vendor/laravel/framework/src/Illuminate/Container/BoundMethod.php(35): Illuminate\\Container\\BoundMethod::callBoundMethod()
#38 /mnt/c/Users/user1/Documents/GitHub/adminapp/vendor/laravel/framework/src/Illuminate/Container/Container.php(592): Illuminate\\Container\\BoundMethod::call()
#39 /mnt/c/Users/user1/Documents/GitHub/adminapp/vendor/laravel/framework/src/Illuminate/Console/Command.php(134): Illuminate\\Container\\Container->call()
#40 /mnt/c/Users/user1/Documents/GitHub/adminapp/vendor/symfony/console/Command/Command.php(255): Illuminate\\Console\\Command->execute()
#41 /mnt/c/Users/user1/Documents/GitHub/adminapp/vendor/laravel/framework/src/Illuminate/Console/Command.php(121): Symfony\\Component\\Console\\Command\\Command->run()
#42 /mnt/c/Users/user1/Documents/GitHub/adminapp/vendor/laravel/framework/src/Illuminate/Console/Concerns/CallsCommands.php(56): Illuminate\\Console\\Command->run()
#43 /mnt/c/Users/user1/Documents/GitHub/adminapp/vendor/laravel/framework/src/Illuminate/Console/Concerns/CallsCommands.php(28): Illuminate\\Console\\Command->runCommand()
#44 /mnt/c/Users/user1/Documents/GitHub/adminapp/vendor/laravel/framework/src/Illuminate/Database/Console/Migrations/RefreshCommand.php(128): Illuminate\\Console\\Command->call()
#45 /mnt/c/Users/user1/Documents/GitHub/adminapp/vendor/laravel/framework/src/Illuminate/Database/Console/Migrations/RefreshCommand.php(67): Illuminate\\Database\\Console\\Migrations\\RefreshCommand->runSeeder()
#46 [internal function]: Illuminate\\Database\\Console\\Migrations\\RefreshCommand->handle()
#47 /mnt/c/Users/user1/Documents/GitHub/adminapp/vendor/laravel/framework/src/Illuminate/Container/BoundMethod.php(33): call_user_func_array()
#48 /mnt/c/Users/user1/Documents/GitHub/adminapp/vendor/laravel/framework/src/Illuminate/Container/Util.php(36): Illuminate\\Container\\BoundMethod::Illuminate\\Container\\{closure}()
#49 /mnt/c/Users/user1/Documents/GitHub/adminapp/vendor/laravel/framework/src/Illuminate/Container/BoundMethod.php(91): Illuminate\\Container\\Util::unwrapIfClosure()
#50 /mnt/c/Users/user1/Documents/GitHub/adminapp/vendor/laravel/framework/src/Illuminate/Container/BoundMethod.php(35): Illuminate\\Container\\BoundMethod::callBoundMethod()
#51 /mnt/c/Users/user1/Documents/GitHub/adminapp/vendor/laravel/framework/src/Illuminate/Container/Container.php(592): Illuminate\\Container\\BoundMethod::call()
#52 /mnt/c/Users/user1/Documents/GitHub/adminapp/vendor/laravel/framework/src/Illuminate/Console/Command.php(134): Illuminate\\Container\\Container->call()
#53 /mnt/c/Users/user1/Documents/GitHub/adminapp/vendor/symfony/console/Command/Command.php(255): Illuminate\\Console\\Command->execute()
#54 /mnt/c/Users/user1/Documents/GitHub/adminapp/vendor/laravel/framework/src/Illuminate/Console/Command.php(121): Symfony\\Component\\Console\\Command\\Command->run()
#55 /mnt/c/Users/user1/Documents/GitHub/adminapp/vendor/symfony/console/Application.php(912): Illuminate\\Console\\Command->run()
#56 /mnt/c/Users/user1/Documents/GitHub/adminapp/vendor/symfony/console/Application.php(264): Symfony\\Component\\Console\\Application->doRunCommand()
#57 /mnt/c/Users/user1/Documents/GitHub/adminapp/vendor/symfony/console/Application.php(140): Symfony\\Component\\Console\\Application->doRun()
#58 /mnt/c/Users/user1/Documents/GitHub/adminapp/vendor/laravel/framework/src/Illuminate/Console/Application.php(93): Symfony\\Component\\Console\\Application->run()
#59 /mnt/c/Users/user1/Documents/GitHub/adminapp/vendor/laravel/framework/src/Illuminate/Foundation/Console/Kernel.php(129): Illuminate\\Console\\Application->run()
#60 /mnt/c/Users/user1/Documents/GitHub/adminapp/artisan(37): Illuminate\\Foundation\\Console\\Kernel->handle()
#61 {main}

[previous exception] [object] (PDOException(code: 23000): SQLSTATE[23000]: Integrity constraint violation: 1062 Duplicate entry 'dpisti@gmail.com' for key 'users_email_unique' at /mnt/c/Users/user1/Documents/GitHub/adminapp/vendor/laravel/framework/src/Illuminate/Database/Connection.php:464)
[stacktrace]
#0 /mnt/c/Users/user1/Documents/GitHub/adminapp/vendor/laravel/framework/src/Illuminate/Database/Connection.php(464): PDOStatement->execute()
#1 /mnt/c/Users/user1/Documents/GitHub/adminapp/vendor/laravel/framework/src/Illuminate/Database/Connection.php(664): Illuminate\\Database\\Connection->Illuminate\\Database\\{closure}()
#2 /mnt/c/Users/user1/Documents/GitHub/adminapp/vendor/laravel/framework/src/Illuminate/Database/Connection.php(631): Illuminate\\Database\\Connection->runQueryCallback()
#3 /mnt/c/Users/user1/Documents/GitHub/adminapp/vendor/laravel/framework/src/Illuminate/Database/Connection.php(465): Illuminate\\Database\\Connection->run()
#4 /mnt/c/Users/user1/Documents/GitHub/adminapp/vendor/laravel/framework/src/Illuminate/Database/Connection.php(417): Illuminate\\Database\\Connection->statement()
#5 /mnt/c/Users/user1/Documents/GitHub/adminapp/vendor/laravel/framework/src/Illuminate/Database/Query/Processors/Processor.php(32): Illuminate\\Database\\Connection->insert()
#6 /mnt/c/Users/user1/Documents/GitHub/adminapp/vendor/laravel/framework/src/Illuminate/Database/Query/Builder.php(2724): Illuminate\\Database\\Query\\Processors\\Processor->processInsertGetId()
#7 /mnt/c/Users/user1/Documents/GitHub/adminapp/vendor/laravel/framework/src/Illuminate/Database/Eloquent/Builder.php(1381): Illuminate\\Database\\Query\\Builder->insertGetId()
#8 /mnt/c/Users/user1/Documents/GitHub/adminapp/vendor/laravel/framework/src/Illuminate/Database/Eloquent/Model.php(866): Illuminate\\Database\\Eloquent\\Builder->__call()
#9 /mnt/c/Users/user1/Documents/GitHub/adminapp/vendor/laravel/framework/src/Illuminate/Database/Eloquent/Model.php(831): Illuminate\\Database\\Eloquent\\Model->insertAndSetId()
#10 /mnt/c/Users/user1/Documents/GitHub/adminapp/vendor/laravel/framework/src/Illuminate/Database/Eloquent/Model.php(694): Illuminate\\Database\\Eloquent\\Model->performInsert()
#11 /mnt/c/Users/user1/Documents/GitHub/adminapp/vendor/laravel/framework/src/Illuminate/Database/Eloquent/FactoryBuilder.php(210): Illuminate\\Database\\Eloquent\\Model->save()
#12 /mnt/c/Users/user1/Documents/GitHub/adminapp/vendor/laravel/framework/src/Illuminate/Support/Traits/EnumeratesValues.php(197): Illuminate\\Database\\Eloquent\\FactoryBuilder->Illuminate\\Database\\Eloquent\\{closure}()
#13 /mnt/c/Users/user1/Documents/GitHub/adminapp/vendor/laravel/framework/src/Illuminate/Database/Eloquent/FactoryBuilder.php(211): Illuminate\\Support\\Collection->each()
#14 /mnt/c/Users/user1/Documents/GitHub/adminapp/vendor/laravel/framework/src/Illuminate/Database/Eloquent/FactoryBuilder.php(172): Illuminate\\Database\\Eloquent\\FactoryBuilder->store()
#15 /mnt/c/Users/user1/Documents/GitHub/adminapp/vendor/laravel/framework/src/Illuminate/Database/Eloquent/FactoryBuilder.php(368): Illuminate\\Database\\Eloquent\\FactoryBuilder->create()
#16 /mnt/c/Users/user1/Documents/GitHub/adminapp/vendor/laravel/framework/src/Illuminate/Database/Eloquent/FactoryBuilder.php(282): Illuminate\\Database\\Eloquent\\FactoryBuilder->expandAttributes()
#17 /mnt/c/Users/user1/Documents/GitHub/adminapp/vendor/laravel/framework/src/Illuminate/Database/Eloquent/FactoryBuilder.php(296): Illuminate\\Database\\Eloquent\\FactoryBuilder->getRawAttributes()
#18 /mnt/c/Users/user1/Documents/GitHub/adminapp/vendor/laravel/framework/src/Illuminate/Database/Eloquent/Concerns/GuardsAttributes.php(116): Illuminate\\Database\\Eloquent\\FactoryBuilder->Illuminate\\Database\\Eloquent\\{closure}()
#19 /mnt/c/Users/user1/Documents/GitHub/adminapp/vendor/laravel/framework/src/Illuminate/Database/Eloquent/FactoryBuilder.php(304): Illuminate\\Database\\Eloquent\\Model::unguarded()
#20 /mnt/c/Users/user1/Documents/GitHub/adminapp/vendor/laravel/framework/src/Illuminate/Database/Eloquent/FactoryBuilder.php(233): Illuminate\\Database\\Eloquent\\FactoryBuilder->makeInstance()
#21 [internal function]: Illuminate\\Database\\Eloquent\\FactoryBuilder->Illuminate\\Database\\Eloquent\\{closure}()
#22 /mnt/c/Users/user1/Documents/GitHub/adminapp/vendor/laravel/framework/src/Illuminate/Database/Eloquent/FactoryBuilder.php(234): array_map()
#23 /mnt/c/Users/user1/Documents/GitHub/adminapp/vendor/laravel/framework/src/Illuminate/Database/Eloquent/FactoryBuilder.php(169): Illuminate\\Database\\Eloquent\\FactoryBuilder->make()
#24 /mnt/c/Users/user1/Documents/GitHub/adminapp/database/seeds/DatabaseSeeder.php(14): Illuminate\\Database\\Eloquent\\FactoryBuilder->create()
#25 [internal function]: DatabaseSeeder->run()
#26 /mnt/c/Users/user1/Documents/GitHub/adminapp/vendor/laravel/framework/src/Illuminate/Container/BoundMethod.php(33): call_user_func_array()
#27 /mnt/c/Users/user1/Documents/GitHub/adminapp/vendor/laravel/framework/src/Illuminate/Container/Util.php(36): Illuminate\\Container\\BoundMethod::Illuminate\\Container\\{closure}()
#28 /mnt/c/Users/user1/Documents/GitHub/adminapp/vendor/laravel/framework/src/Illuminate/Container/BoundMethod.php(91): Illuminate\\Container\\Util::unwrapIfClosure()
#29 /mnt/c/Users/user1/Documents/GitHub/adminapp/vendor/laravel/framework/src/Illuminate/Container/BoundMethod.php(35): Illuminate\\Container\\BoundMethod::callBoundMethod()
#30 /mnt/c/Users/user1/Documents/GitHub/adminapp/vendor/laravel/framework/src/Illuminate/Container/Container.php(592): Illuminate\\Container\\BoundMethod::call()
#31 /mnt/c/Users/user1/Documents/GitHub/adminapp/vendor/laravel/framework/src/Illuminate/Database/Seeder.php(134): Illuminate\\Container\\Container->call()
#32 /mnt/c/Users/user1/Documents/GitHub/adminapp/vendor/laravel/framework/src/Illuminate/Database/Console/Seeds/SeedCommand.php(65): Illuminate\\Database\\Seeder->__invoke()
#33 /mnt/c/Users/user1/Documents/GitHub/adminapp/vendor/laravel/framework/src/Illuminate/Database/Eloquent/Concerns/GuardsAttributes.php(122): Illuminate\\Database\\Console\\Seeds\\SeedCommand->Illuminate\\Database\\Console\\Seeds\\{closure}()
#34 /mnt/c/Users/user1/Documents/GitHub/adminapp/vendor/laravel/framework/src/Illuminate/Database/Console/Seeds/SeedCommand.php(66): Illuminate\\Database\\Eloquent\\Model::unguarded()
#35 [internal function]: Illuminate\\Database\\Console\\Seeds\\SeedCommand->handle()
#36 /mnt/c/Users/user1/Documents/GitHub/adminapp/vendor/laravel/framework/src/Illuminate/Container/BoundMethod.php(33): call_user_func_array()
#37 /mnt/c/Users/user1/Documents/GitHub/adminapp/vendor/laravel/framework/src/Illuminate/Container/Util.php(36): Illuminate\\Container\\BoundMethod::Illuminate\\Container\\{closure}()
#38 /mnt/c/Users/user1/Documents/GitHub/adminapp/vendor/laravel/framework/src/Illuminate/Container/BoundMethod.php(91): Illuminate\\Container\\Util::unwrapIfClosure()
#39 /mnt/c/Users/user1/Documents/GitHub/adminapp/vendor/laravel/framework/src/Illuminate/Container/BoundMethod.php(35): Illuminate\\Container\\BoundMethod::callBoundMethod()
#40 /mnt/c/Users/user1/Documents/GitHub/adminapp/vendor/laravel/framework/src/Illuminate/Container/Container.php(592): Illuminate\\Container\\BoundMethod::call()
#41 /mnt/c/Users/user1/Documents/GitHub/adminapp/vendor/laravel/framework/src/Illuminate/Console/Command.php(134): Illuminate\\Container\\Container->call()
#42 /mnt/c/Users/user1/Documents/GitHub/adminapp/vendor/symfony/console/Command/Command.php(255): Illuminate\\Console\\Command->execute()
#43 /mnt/c/Users/user1/Documents/GitHub/adminapp/vendor/laravel/framework/src/Illuminate/Console/Command.php(121): Symfony\\Component\\Console\\Command\\Command->run()
#44 /mnt/c/Users/user1/Documents/GitHub/adminapp/vendor/laravel/framework/src/Illuminate/Console/Concerns/CallsCommands.php(56): Illuminate\\Console\\Command->run()
#45 /mnt/c/Users/user1/Documents/GitHub/adminapp/vendor/laravel/framework/src/Illuminate/Console/Concerns/CallsCommands.php(28): Illuminate\\Console\\Command->runCommand()
#46 /mnt/c/Users/user1/Documents/GitHub/adminapp/vendor/laravel/framework/src/Illuminate/Database/Console/Migrations/RefreshCommand.php(128): Illuminate\\Console\\Command->call()
#47 /mnt/c/Users/user1/Documents/GitHub/adminapp/vendor/laravel/framework/src/Illuminate/Database/Console/Migrations/RefreshCommand.php(67): Illuminate\\Database\\Console\\Migrations\\RefreshCommand->runSeeder()
#48 [internal function]: Illuminate\\Database\\Console\\Migrations\\RefreshCommand->handle()
#49 /mnt/c/Users/user1/Documents/GitHub/adminapp/vendor/laravel/framework/src/Illuminate/Container/BoundMethod.php(33): call_user_func_array()
#50 /mnt/c/Users/user1/Documents/GitHub/adminapp/vendor/laravel/framework/src/Illuminate/Container/Util.php(36): Illuminate\\Container\\BoundMethod::Illuminate\\Container\\{closure}()
#51 /mnt/c/Users/user1/Documents/GitHub/adminapp/vendor/laravel/framework/src/Illuminate/Container/BoundMethod.php(91): Illuminate\\Container\\Util::unwrapIfClosure()
#52 /mnt/c/Users/user1/Documents/GitHub/adminapp/vendor/laravel/framework/src/Illuminate/Container/BoundMethod.php(35): Illuminate\\Container\\BoundMethod::callBoundMethod()
#53 /mnt/c/Users/user1/Documents/GitHub/adminapp/vendor/laravel/framework/src/Illuminate/Container/Container.php(592): Illuminate\\Container\\BoundMethod::call()
#54 /mnt/c/Users/user1/Documents/GitHub/adminapp/vendor/laravel/framework/src/Illuminate/Console/Command.php(134): Illuminate\\Container\\Container->call()
#55 /mnt/c/Users/user1/Documents/GitHub/adminapp/vendor/symfony/console/Command/Command.php(255): Illuminate\\Console\\Command->execute()
#56 /mnt/c/Users/user1/Documents/GitHub/adminapp/vendor/laravel/framework/src/Illuminate/Console/Command.php(121): Symfony\\Component\\Console\\Command\\Command->run()
#57 /mnt/c/Users/user1/Documents/GitHub/adminapp/vendor/symfony/console/Application.php(912): Illuminate\\Console\\Command->run()
#58 /mnt/c/Users/user1/Documents/GitHub/adminapp/vendor/symfony/console/Application.php(264): Symfony\\Component\\Console\\Application->doRunCommand()
#59 /mnt/c/Users/user1/Documents/GitHub/adminapp/vendor/symfony/console/Application.php(140): Symfony\\Component\\Console\\Application->doRun()
#60 /mnt/c/Users/user1/Documents/GitHub/adminapp/vendor/laravel/framework/src/Illuminate/Console/Application.php(93): Symfony\\Component\\Console\\Application->run()
#61 /mnt/c/Users/user1/Documents/GitHub/adminapp/vendor/laravel/framework/src/Illuminate/Foundation/Console/Kernel.php(129): Illuminate\\Console\\Application->run()
#62 /mnt/c/Users/user1/Documents/GitHub/adminapp/artisan(37): Illuminate\\Foundation\\Console\\Kernel->handle()
#63 {main}
"} 
[2020-10-08 19:36:56] local.ERROR: SQLSTATE[23000]: Integrity constraint violation: 1062 Duplicate entry 'dpisti@gmail.com' for key 'users_email_unique' (SQL: insert into `users` (`name`, `type`, `franchise`, `email`, `email_verified_at`, `password`, `remember_token`, `updated_at`, `created_at`) values (Daniel Pisati, admin, Christchurch, dpisti@gmail.com, 2020-10-08 19:36:56, $2y$10$3O4Z6H5lynzzoXiNyywZtuguloMkAXnpykgwDEw0/EgW/ANnTtrkS, mX7Vpl3ljw, 2020-10-08 19:36:56, 2020-10-08 19:36:56)) {"exception":"[object] (Illuminate\\Database\\QueryException(code: 23000): SQLSTATE[23000]: Integrity constraint violation: 1062 Duplicate entry 'dpisti@gmail.com' for key 'users_email_unique' (SQL: insert into `users` (`name`, `type`, `franchise`, `email`, `email_verified_at`, `password`, `remember_token`, `updated_at`, `created_at`) values (Daniel Pisati, admin, Christchurch, dpisti@gmail.com, 2020-10-08 19:36:56, $2y$10$3O4Z6H5lynzzoXiNyywZtuguloMkAXnpykgwDEw0/EgW/ANnTtrkS, mX7Vpl3ljw, 2020-10-08 19:36:56, 2020-10-08 19:36:56)) at /mnt/c/Users/user1/Documents/GitHub/adminapp/vendor/laravel/framework/src/Illuminate/Database/Connection.php:671)
[stacktrace]
#0 /mnt/c/Users/user1/Documents/GitHub/adminapp/vendor/laravel/framework/src/Illuminate/Database/Connection.php(631): Illuminate\\Database\\Connection->runQueryCallback()
#1 /mnt/c/Users/user1/Documents/GitHub/adminapp/vendor/laravel/framework/src/Illuminate/Database/Connection.php(465): Illuminate\\Database\\Connection->run()
#2 /mnt/c/Users/user1/Documents/GitHub/adminapp/vendor/laravel/framework/src/Illuminate/Database/Connection.php(417): Illuminate\\Database\\Connection->statement()
#3 /mnt/c/Users/user1/Documents/GitHub/adminapp/vendor/laravel/framework/src/Illuminate/Database/Query/Processors/Processor.php(32): Illuminate\\Database\\Connection->insert()
#4 /mnt/c/Users/user1/Documents/GitHub/adminapp/vendor/laravel/framework/src/Illuminate/Database/Query/Builder.php(2724): Illuminate\\Database\\Query\\Processors\\Processor->processInsertGetId()
#5 /mnt/c/Users/user1/Documents/GitHub/adminapp/vendor/laravel/framework/src/Illuminate/Database/Eloquent/Builder.php(1381): Illuminate\\Database\\Query\\Builder->insertGetId()
#6 /mnt/c/Users/user1/Documents/GitHub/adminapp/vendor/laravel/framework/src/Illuminate/Database/Eloquent/Model.php(866): Illuminate\\Database\\Eloquent\\Builder->__call()
#7 /mnt/c/Users/user1/Documents/GitHub/adminapp/vendor/laravel/framework/src/Illuminate/Database/Eloquent/Model.php(831): Illuminate\\Database\\Eloquent\\Model->insertAndSetId()
#8 /mnt/c/Users/user1/Documents/GitHub/adminapp/vendor/laravel/framework/src/Illuminate/Database/Eloquent/Model.php(694): Illuminate\\Database\\Eloquent\\Model->performInsert()
#9 /mnt/c/Users/user1/Documents/GitHub/adminapp/vendor/laravel/framework/src/Illuminate/Database/Eloquent/FactoryBuilder.php(210): Illuminate\\Database\\Eloquent\\Model->save()
#10 /mnt/c/Users/user1/Documents/GitHub/adminapp/vendor/laravel/framework/src/Illuminate/Support/Traits/EnumeratesValues.php(197): Illuminate\\Database\\Eloquent\\FactoryBuilder->Illuminate\\Database\\Eloquent\\{closure}()
#11 /mnt/c/Users/user1/Documents/GitHub/adminapp/vendor/laravel/framework/src/Illuminate/Database/Eloquent/FactoryBuilder.php(211): Illuminate\\Support\\Collection->each()
#12 /mnt/c/Users/user1/Documents/GitHub/adminapp/vendor/laravel/framework/src/Illuminate/Database/Eloquent/FactoryBuilder.php(172): Illuminate\\Database\\Eloquent\\FactoryBuilder->store()
#13 /mnt/c/Users/user1/Documents/GitHub/adminapp/vendor/laravel/framework/src/Illuminate/Database/Eloquent/FactoryBuilder.php(368): Illuminate\\Database\\Eloquent\\FactoryBuilder->create()
#14 /mnt/c/Users/user1/Documents/GitHub/adminapp/vendor/laravel/framework/src/Illuminate/Database/Eloquent/FactoryBuilder.php(282): Illuminate\\Database\\Eloquent\\FactoryBuilder->expandAttributes()
#15 /mnt/c/Users/user1/Documents/GitHub/adminapp/vendor/laravel/framework/src/Illuminate/Database/Eloquent/FactoryBuilder.php(296): Illuminate\\Database\\Eloquent\\FactoryBuilder->getRawAttributes()
#16 /mnt/c/Users/user1/Documents/GitHub/adminapp/vendor/laravel/framework/src/Illuminate/Database/Eloquent/Concerns/GuardsAttributes.php(116): Illuminate\\Database\\Eloquent\\FactoryBuilder->Illuminate\\Database\\Eloquent\\{closure}()
#17 /mnt/c/Users/user1/Documents/GitHub/adminapp/vendor/laravel/framework/src/Illuminate/Database/Eloquent/FactoryBuilder.php(304): Illuminate\\Database\\Eloquent\\Model::unguarded()
#18 /mnt/c/Users/user1/Documents/GitHub/adminapp/vendor/laravel/framework/src/Illuminate/Database/Eloquent/FactoryBuilder.php(233): Illuminate\\Database\\Eloquent\\FactoryBuilder->makeInstance()
#19 [internal function]: Illuminate\\Database\\Eloquent\\FactoryBuilder->Illuminate\\Database\\Eloquent\\{closure}()
#20 /mnt/c/Users/user1/Documents/GitHub/adminapp/vendor/laravel/framework/src/Illuminate/Database/Eloquent/FactoryBuilder.php(234): array_map()
#21 /mnt/c/Users/user1/Documents/GitHub/adminapp/vendor/laravel/framework/src/Illuminate/Database/Eloquent/FactoryBuilder.php(169): Illuminate\\Database\\Eloquent\\FactoryBuilder->make()
#22 /mnt/c/Users/user1/Documents/GitHub/adminapp/database/seeds/DatabaseSeeder.php(14): Illuminate\\Database\\Eloquent\\FactoryBuilder->create()
#23 [internal function]: DatabaseSeeder->run()
#24 /mnt/c/Users/user1/Documents/GitHub/adminapp/vendor/laravel/framework/src/Illuminate/Container/BoundMethod.php(33): call_user_func_array()
#25 /mnt/c/Users/user1/Documents/GitHub/adminapp/vendor/laravel/framework/src/Illuminate/Container/Util.php(36): Illuminate\\Container\\BoundMethod::Illuminate\\Container\\{closure}()
#26 /mnt/c/Users/user1/Documents/GitHub/adminapp/vendor/laravel/framework/src/Illuminate/Container/BoundMethod.php(91): Illuminate\\Container\\Util::unwrapIfClosure()
#27 /mnt/c/Users/user1/Documents/GitHub/adminapp/vendor/laravel/framework/src/Illuminate/Container/BoundMethod.php(35): Illuminate\\Container\\BoundMethod::callBoundMethod()
#28 /mnt/c/Users/user1/Documents/GitHub/adminapp/vendor/laravel/framework/src/Illuminate/Container/Container.php(592): Illuminate\\Container\\BoundMethod::call()
#29 /mnt/c/Users/user1/Documents/GitHub/adminapp/vendor/laravel/framework/src/Illuminate/Database/Seeder.php(134): Illuminate\\Container\\Container->call()
#30 /mnt/c/Users/user1/Documents/GitHub/adminapp/vendor/laravel/framework/src/Illuminate/Database/Console/Seeds/SeedCommand.php(65): Illuminate\\Database\\Seeder->__invoke()
#31 /mnt/c/Users/user1/Documents/GitHub/adminapp/vendor/laravel/framework/src/Illuminate/Database/Eloquent/Concerns/GuardsAttributes.php(122): Illuminate\\Database\\Console\\Seeds\\SeedCommand->Illuminate\\Database\\Console\\Seeds\\{closure}()
#32 /mnt/c/Users/user1/Documents/GitHub/adminapp/vendor/laravel/framework/src/Illuminate/Database/Console/Seeds/SeedCommand.php(66): Illuminate\\Database\\Eloquent\\Model::unguarded()
#33 [internal function]: Illuminate\\Database\\Console\\Seeds\\SeedCommand->handle()
#34 /mnt/c/Users/user1/Documents/GitHub/adminapp/vendor/laravel/framework/src/Illuminate/Container/BoundMethod.php(33): call_user_func_array()
#35 /mnt/c/Users/user1/Documents/GitHub/adminapp/vendor/laravel/framework/src/Illuminate/Container/Util.php(36): Illuminate\\Container\\BoundMethod::Illuminate\\Container\\{closure}()
#36 /mnt/c/Users/user1/Documents/GitHub/adminapp/vendor/laravel/framework/src/Illuminate/Container/BoundMethod.php(91): Illuminate\\Container\\Util::unwrapIfClosure()
#37 /mnt/c/Users/user1/Documents/GitHub/adminapp/vendor/laravel/framework/src/Illuminate/Container/BoundMethod.php(35): Illuminate\\Container\\BoundMethod::callBoundMethod()
#38 /mnt/c/Users/user1/Documents/GitHub/adminapp/vendor/laravel/framework/src/Illuminate/Container/Container.php(592): Illuminate\\Container\\BoundMethod::call()
#39 /mnt/c/Users/user1/Documents/GitHub/adminapp/vendor/laravel/framework/src/Illuminate/Console/Command.php(134): Illuminate\\Container\\Container->call()
#40 /mnt/c/Users/user1/Documents/GitHub/adminapp/vendor/symfony/console/Command/Command.php(255): Illuminate\\Console\\Command->execute()
#41 /mnt/c/Users/user1/Documents/GitHub/adminapp/vendor/laravel/framework/src/Illuminate/Console/Command.php(121): Symfony\\Component\\Console\\Command\\Command->run()
#42 /mnt/c/Users/user1/Documents/GitHub/adminapp/vendor/symfony/console/Application.php(912): Illuminate\\Console\\Command->run()
#43 /mnt/c/Users/user1/Documents/GitHub/adminapp/vendor/symfony/console/Application.php(264): Symfony\\Component\\Console\\Application->doRunCommand()
#44 /mnt/c/Users/user1/Documents/GitHub/adminapp/vendor/symfony/console/Application.php(140): Symfony\\Component\\Console\\Application->doRun()
#45 /mnt/c/Users/user1/Documents/GitHub/adminapp/vendor/laravel/framework/src/Illuminate/Console/Application.php(93): Symfony\\Component\\Console\\Application->run()
#46 /mnt/c/Users/user1/Documents/GitHub/adminapp/vendor/laravel/framework/src/Illuminate/Foundation/Console/Kernel.php(129): Illuminate\\Console\\Application->run()
#47 /mnt/c/Users/user1/Documents/GitHub/adminapp/artisan(37): Illuminate\\Foundation\\Console\\Kernel->handle()
#48 {main}

[previous exception] [object] (PDOException(code: 23000): SQLSTATE[23000]: Integrity constraint violation: 1062 Duplicate entry 'dpisti@gmail.com' for key 'users_email_unique' at /mnt/c/Users/user1/Documents/GitHub/adminapp/vendor/laravel/framework/src/Illuminate/Database/Connection.php:464)
[stacktrace]
#0 /mnt/c/Users/user1/Documents/GitHub/adminapp/vendor/laravel/framework/src/Illuminate/Database/Connection.php(464): PDOStatement->execute()
#1 /mnt/c/Users/user1/Documents/GitHub/adminapp/vendor/laravel/framework/src/Illuminate/Database/Connection.php(664): Illuminate\\Database\\Connection->Illuminate\\Database\\{closure}()
#2 /mnt/c/Users/user1/Documents/GitHub/adminapp/vendor/laravel/framework/src/Illuminate/Database/Connection.php(631): Illuminate\\Database\\Connection->runQueryCallback()
#3 /mnt/c/Users/user1/Documents/GitHub/adminapp/vendor/laravel/framework/src/Illuminate/Database/Connection.php(465): Illuminate\\Database\\Connection->run()
#4 /mnt/c/Users/user1/Documents/GitHub/adminapp/vendor/laravel/framework/src/Illuminate/Database/Connection.php(417): Illuminate\\Database\\Connection->statement()
#5 /mnt/c/Users/user1/Documents/GitHub/adminapp/vendor/laravel/framework/src/Illuminate/Database/Query/Processors/Processor.php(32): Illuminate\\Database\\Connection->insert()
#6 /mnt/c/Users/user1/Documents/GitHub/adminapp/vendor/laravel/framework/src/Illuminate/Database/Query/Builder.php(2724): Illuminate\\Database\\Query\\Processors\\Processor->processInsertGetId()
#7 /mnt/c/Users/user1/Documents/GitHub/adminapp/vendor/laravel/framework/src/Illuminate/Database/Eloquent/Builder.php(1381): Illuminate\\Database\\Query\\Builder->insertGetId()
#8 /mnt/c/Users/user1/Documents/GitHub/adminapp/vendor/laravel/framework/src/Illuminate/Database/Eloquent/Model.php(866): Illuminate\\Database\\Eloquent\\Builder->__call()
#9 /mnt/c/Users/user1/Documents/GitHub/adminapp/vendor/laravel/framework/src/Illuminate/Database/Eloquent/Model.php(831): Illuminate\\Database\\Eloquent\\Model->insertAndSetId()
#10 /mnt/c/Users/user1/Documents/GitHub/adminapp/vendor/laravel/framework/src/Illuminate/Database/Eloquent/Model.php(694): Illuminate\\Database\\Eloquent\\Model->performInsert()
#11 /mnt/c/Users/user1/Documents/GitHub/adminapp/vendor/laravel/framework/src/Illuminate/Database/Eloquent/FactoryBuilder.php(210): Illuminate\\Database\\Eloquent\\Model->save()
#12 /mnt/c/Users/user1/Documents/GitHub/adminapp/vendor/laravel/framework/src/Illuminate/Support/Traits/EnumeratesValues.php(197): Illuminate\\Database\\Eloquent\\FactoryBuilder->Illuminate\\Database\\Eloquent\\{closure}()
#13 /mnt/c/Users/user1/Documents/GitHub/adminapp/vendor/laravel/framework/src/Illuminate/Database/Eloquent/FactoryBuilder.php(211): Illuminate\\Support\\Collection->each()
#14 /mnt/c/Users/user1/Documents/GitHub/adminapp/vendor/laravel/framework/src/Illuminate/Database/Eloquent/FactoryBuilder.php(172): Illuminate\\Database\\Eloquent\\FactoryBuilder->store()
#15 /mnt/c/Users/user1/Documents/GitHub/adminapp/vendor/laravel/framework/src/Illuminate/Database/Eloquent/FactoryBuilder.php(368): Illuminate\\Database\\Eloquent\\FactoryBuilder->create()
#16 /mnt/c/Users/user1/Documents/GitHub/adminapp/vendor/laravel/framework/src/Illuminate/Database/Eloquent/FactoryBuilder.php(282): Illuminate\\Database\\Eloquent\\FactoryBuilder->expandAttributes()
#17 /mnt/c/Users/user1/Documents/GitHub/adminapp/vendor/laravel/framework/src/Illuminate/Database/Eloquent/FactoryBuilder.php(296): Illuminate\\Database\\Eloquent\\FactoryBuilder->getRawAttributes()
#18 /mnt/c/Users/user1/Documents/GitHub/adminapp/vendor/laravel/framework/src/Illuminate/Database/Eloquent/Concerns/GuardsAttributes.php(116): Illuminate\\Database\\Eloquent\\FactoryBuilder->Illuminate\\Database\\Eloquent\\{closure}()
#19 /mnt/c/Users/user1/Documents/GitHub/adminapp/vendor/laravel/framework/src/Illuminate/Database/Eloquent/FactoryBuilder.php(304): Illuminate\\Database\\Eloquent\\Model::unguarded()
#20 /mnt/c/Users/user1/Documents/GitHub/adminapp/vendor/laravel/framework/src/Illuminate/Database/Eloquent/FactoryBuilder.php(233): Illuminate\\Database\\Eloquent\\FactoryBuilder->makeInstance()
#21 [internal function]: Illuminate\\Database\\Eloquent\\FactoryBuilder->Illuminate\\Database\\Eloquent\\{closure}()
#22 /mnt/c/Users/user1/Documents/GitHub/adminapp/vendor/laravel/framework/src/Illuminate/Database/Eloquent/FactoryBuilder.php(234): array_map()
#23 /mnt/c/Users/user1/Documents/GitHub/adminapp/vendor/laravel/framework/src/Illuminate/Database/Eloquent/FactoryBuilder.php(169): Illuminate\\Database\\Eloquent\\FactoryBuilder->make()
#24 /mnt/c/Users/user1/Documents/GitHub/adminapp/database/seeds/DatabaseSeeder.php(14): Illuminate\\Database\\Eloquent\\FactoryBuilder->create()
#25 [internal function]: DatabaseSeeder->run()
#26 /mnt/c/Users/user1/Documents/GitHub/adminapp/vendor/laravel/framework/src/Illuminate/Container/BoundMethod.php(33): call_user_func_array()
#27 /mnt/c/Users/user1/Documents/GitHub/adminapp/vendor/laravel/framework/src/Illuminate/Container/Util.php(36): Illuminate\\Container\\BoundMethod::Illuminate\\Container\\{closure}()
#28 /mnt/c/Users/user1/Documents/GitHub/adminapp/vendor/laravel/framework/src/Illuminate/Container/BoundMethod.php(91): Illuminate\\Container\\Util::unwrapIfClosure()
#29 /mnt/c/Users/user1/Documents/GitHub/adminapp/vendor/laravel/framework/src/Illuminate/Container/BoundMethod.php(35): Illuminate\\Container\\BoundMethod::callBoundMethod()
#30 /mnt/c/Users/user1/Documents/GitHub/adminapp/vendor/laravel/framework/src/Illuminate/Container/Container.php(592): Illuminate\\Container\\BoundMethod::call()
#31 /mnt/c/Users/user1/Documents/GitHub/adminapp/vendor/laravel/framework/src/Illuminate/Database/Seeder.php(134): Illuminate\\Container\\Container->call()
#32 /mnt/c/Users/user1/Documents/GitHub/adminapp/vendor/laravel/framework/src/Illuminate/Database/Console/Seeds/SeedCommand.php(65): Illuminate\\Database\\Seeder->__invoke()
#33 /mnt/c/Users/user1/Documents/GitHub/adminapp/vendor/laravel/framework/src/Illuminate/Database/Eloquent/Concerns/GuardsAttributes.php(122): Illuminate\\Database\\Console\\Seeds\\SeedCommand->Illuminate\\Database\\Console\\Seeds\\{closure}()
#34 /mnt/c/Users/user1/Documents/GitHub/adminapp/vendor/laravel/framework/src/Illuminate/Database/Console/Seeds/SeedCommand.php(66): Illuminate\\Database\\Eloquent\\Model::unguarded()
#35 [internal function]: Illuminate\\Database\\Console\\Seeds\\SeedCommand->handle()
#36 /mnt/c/Users/user1/Documents/GitHub/adminapp/vendor/laravel/framework/src/Illuminate/Container/BoundMethod.php(33): call_user_func_array()
#37 /mnt/c/Users/user1/Documents/GitHub/adminapp/vendor/laravel/framework/src/Illuminate/Container/Util.php(36): Illuminate\\Container\\BoundMethod::Illuminate\\Container\\{closure}()
#38 /mnt/c/Users/user1/Documents/GitHub/adminapp/vendor/laravel/framework/src/Illuminate/Container/BoundMethod.php(91): Illuminate\\Container\\Util::unwrapIfClosure()
#39 /mnt/c/Users/user1/Documents/GitHub/adminapp/vendor/laravel/framework/src/Illuminate/Container/BoundMethod.php(35): Illuminate\\Container\\BoundMethod::callBoundMethod()
#40 /mnt/c/Users/user1/Documents/GitHub/adminapp/vendor/laravel/framework/src/Illuminate/Container/Container.php(592): Illuminate\\Container\\BoundMethod::call()
#41 /mnt/c/Users/user1/Documents/GitHub/adminapp/vendor/laravel/framework/src/Illuminate/Console/Command.php(134): Illuminate\\Container\\Container->call()
#42 /mnt/c/Users/user1/Documents/GitHub/adminapp/vendor/symfony/console/Command/Command.php(255): Illuminate\\Console\\Command->execute()
#43 /mnt/c/Users/user1/Documents/GitHub/adminapp/vendor/laravel/framework/src/Illuminate/Console/Command.php(121): Symfony\\Component\\Console\\Command\\Command->run()
#44 /mnt/c/Users/user1/Documents/GitHub/adminapp/vendor/symfony/console/Application.php(912): Illuminate\\Console\\Command->run()
#45 /mnt/c/Users/user1/Documents/GitHub/adminapp/vendor/symfony/console/Application.php(264): Symfony\\Component\\Console\\Application->doRunCommand()
#46 /mnt/c/Users/user1/Documents/GitHub/adminapp/vendor/symfony/console/Application.php(140): Symfony\\Component\\Console\\Application->doRun()
#47 /mnt/c/Users/user1/Documents/GitHub/adminapp/vendor/laravel/framework/src/Illuminate/Console/Application.php(93): Symfony\\Component\\Console\\Application->run()
#48 /mnt/c/Users/user1/Documents/GitHub/adminapp/vendor/laravel/framework/src/Illuminate/Foundation/Console/Kernel.php(129): Illuminate\\Console\\Application->run()
#49 /mnt/c/Users/user1/Documents/GitHub/adminapp/artisan(37): Illuminate\\Foundation\\Console\\Kernel->handle()
#50 {main}
"} 
